#
//# There is insufficient memory for the Java Runtime Environment to continue.
//# Native memory allocation (mmap) failed to map 123731968 bytes for G1 virtual space
//# Possible reasons:
//#   The system is out of physical RAM or swap space
//#   The process is running with CompressedOops enabled, and the Java Heap may be blocking the growth of the native heap
//# Possible solutions:
//#   Reduce memory load on the system
//#   Increase physical memory or swap space
//#   Check if swap backing store is full
//#   Decrease Java heap size (-Xmx/-Xms)
//#   Decrease number of Java threads
//#   Decrease Java thread stack sizes (-Xss)
//#   Set larger code cache with -XX:ReservedCodeCacheSize=
//#   JVM is running with Unscaled Compressed Oops mode in which the Java heap is
//#     placed in the first 4GB address space. The Java Heap base address is the
//#     maximum limit for the native heap growth. Please use -XX:HeapBaseMinAddress
//#     to set the Java Heap base and to place the Java Heap above 4GB virtual address.
//# This output file may be truncated or incomplete.
//#
//#  Out of Memory Error (os_windows.cpp:3769), pid=1044, tid=17044
//#
//# JRE version:  (17.0.6) (build )
//# Java VM: OpenJDK 64-Bit Server VM (17.0.6+0-b2043.56-10027231, mixed mode, sharing, tiered, compressed oops, compressed class ptrs, g1 gc, windows-amd64)
//# No core dump will be written. Minidumps are not enabled by default on client versions of Windows
//#
//
//---------------  S U M M A R Y ------------
//
//Command Line: org.jetbrains.kotlin.cli.jvm.K2JVMCompiler @C:\Users\mehar\OneDrive\Bookmart\app\build\20231017_12798365845730884922.compiler.options
//
//Host: AMD Ryzen 5 5600H with Radeon Graphics         , 12 cores, 7G,  Windows 11 , 64 bit Build 22621 (10.0.22621.2428)
//Time: Tue Oct 17 22:30:28 2023 India Standard Time elapsed time: 0.012567 seconds (0d 0h 0m 0s)
//
//---------------  T H R E A D  ---------------
//
//Current thread (0x0000028109099910):  JavaThread "Unknown thread" [_thread_in_vm, id=17044, stack(0x000000e492900000,0x000000e492a00000)]
//
//Stack: [0x000000e492900000,0x000000e492a00000]
//Native frames: (J=compiled Java code, j=interpreted, Vv=VM code, C=native code)
//V  [jvm.dll+0x683c9a]
//V  [jvm.dll+0x8427a4]
//V  [jvm.dll+0x843f9e]
//V  [jvm.dll+0x844603]
//V  [jvm.dll+0x249b75]
//V  [jvm.dll+0x680b69]
//V  [jvm.dll+0x67505a]
//V  [jvm.dll+0x309acb]
//V  [jvm.dll+0x310f86]
//V  [jvm.dll+0x3608ee]
//V  [jvm.dll+0x360b1f]
//V  [jvm.dll+0x2dfbf8]
//V  [jvm.dll+0x2e0b64]
//V  [jvm.dll+0x814091]
//V  [jvm.dll+0x36e6a1]
//V  [jvm.dll+0x7f35cc]
//V  [jvm.dll+0x3f0e8f]
//V  [jvm.dll+0x3f29d1]
//C  [jli.dll+0x526b]
//C  [ucrtbase.dll+0x29363]
//C  [KERNEL32.DLL+0x1257d]
//C  [ntdll.dll+0x5aa78]
//
//
//---------------  P R O C E S S  ---------------
//
//Threads class SMR info:
//_java_thread_list=0x00007ffbec6cc058, length=0, elements={
//}
//
//Java Threads: ( => current thread )
//
//Other Threads:
//  0x00000281090f2670 GCTaskThread "GC Thread#0" [stack: 0x000000e492a00000,0x000000e492b00000] [id=5312]
//  0x00000281091020f0 ConcurrentGCThread "G1 Main Marker" [stack: 0x000000e492b00000,0x000000e492c00000] [id=23960]
//  0x00000281091032a0 ConcurrentGCThread "G1 Conc#0" [stack: 0x000000e492c00000,0x000000e492d00000] [id=22136]
//
//[error occurred during error reporting (printing all threads), id 0xc0000005, EXCEPTION_ACCESS_VIOLATION (0xc0000005) at pc=0x00007ffbebe80797]
//
//VM state: not at safepoint (not fully initialized)
//
//VM Mutex/Monitor currently owned by a thread:  ([mutex/lock_event])
//[0x0000028109095ef0] Heap_lock - owner thread: 0x0000028109099910
//
//Heap address: 0x000000008a600000, size: 1882 MB, Compressed Oops mode: 32-bit
//
//CDS archive(s) mapped at: [0x0000000000000000-0x0000000000000000-0x0000000000000000), size 0, SharedBaseAddress: 0x0000000800000000, ArchiveRelocationMode: 0.
//Narrow klass base: 0x0000000000000000, Narrow klass shift: 0, Narrow klass range: 0x0
//
//GC Precious Log:
//<Empty>
//
//Heap:
// garbage-first heap   total 0K, used 0K [0x000000008a600000, 0x0000000100000000)
//  region size 1024K, 0 young (0K), 0 survivors (0K)
//
//[error occurred during error reporting (printing heap information), id 0xc0000005, EXCEPTION_ACCESS_VIOLATION (0xc0000005) at pc=0x00007ffbec26da89]
//
//GC Heap History (0 events):
//No events
//
//Dll operation events (1 events):
//Event: 0.009 Loaded shared library C:\Program Files\Android\Android Studio1\jbr\bin\java.dll
//
//Deoptimization events (0 events):
//No events
//
//Classes unloaded (0 events):
//No events
//
//Classes redefined (0 events):
//No events
//
//Internal exceptions (0 events):
//No events
//
//VM Operations (0 events):
//No events
//
//Events (0 events):
//No events
//
//
//Dynamic libraries:
//0x00007ff60fc00000 - 0x00007ff60fc0a000 	C:\Program Files\Android\Android Studio1\jbr\bin\java.exe
//0x00007ffcaafb0000 - 0x00007ffcab1c7000 	C:\WINDOWS\SYSTEM32\ntdll.dll
//0x00007ffca9b30000 - 0x00007ffca9bf4000 	C:\WINDOWS\System32\KERNEL32.DLL
//0x00007ffca88f0000 - 0x00007ffca8c96000 	C:\WINDOWS\System32\KERNELBASE.dll
//0x00007ffca8330000 - 0x00007ffca8441000 	C:\WINDOWS\System32\ucrtbase.dll
//0x00007ffc6ac20000 - 0x00007ffc6ac37000 	C:\Program Files\Android\Android Studio1\jbr\bin\jli.dll
//0x00007ffca3720000 - 0x00007ffca373b000 	C:\Program Files\Android\Android Studio1\jbr\bin\VCRUNTIME140.dll
//0x00007ffca9960000 - 0x00007ffca9b0d000 	C:\WINDOWS\System32\USER32.dll
//0x00007ffca8840000 - 0x00007ffca8866000 	C:\WINDOWS\System32\win32u.dll
//0x00007ffc8ee10000 - 0x00007ffc8f0a3000 	C:\WINDOWS\WinSxS\amd64_microsoft.windows.common-controls_6595b64144ccf1df_6.0.22621.2361_none_2712ced57382f843\COMCTL32.dll
//0x00007ffca9c30000 - 0x00007ffca9c59000 	C:\WINDOWS\System32\GDI32.dll
//0x00007ffca9850000 - 0x00007ffca98f7000 	C:\WINDOWS\System32\msvcrt.dll
//0x00007ffca84f0000 - 0x00007ffca8608000 	C:\WINDOWS\System32\gdi32full.dll
//0x00007ffca8450000 - 0x00007ffca84ea000 	C:\WINDOWS\System32\msvcp_win.dll
//0x00007ffca9040000 - 0x00007ffca9071000 	C:\WINDOWS\System32\IMM32.DLL
//0x00007ffc95dd0000 - 0x00007ffc95ddc000 	C:\Program Files\Android\Android Studio1\jbr\bin\vcruntime140_1.dll
//0x00007ffc609e0000 - 0x00007ffc60a6d000 	C:\Program Files\Android\Android Studio1\jbr\bin\msvcp140.dll
//0x00007ffbebb90000 - 0x00007ffbec7fe000 	C:\Program Files\Android\Android Studio1\jbr\bin\server\jvm.dll
//0x00007ffca9250000 - 0x00007ffca9300000 	C:\WINDOWS\System32\ADVAPI32.dll
//0x00007ffca97a0000 - 0x00007ffca9846000 	C:\WINDOWS\System32\sechost.dll
//0x00007ffca9670000 - 0x00007ffca9787000 	C:\WINDOWS\System32\RPCRT4.dll
//0x00007ffc9f760000 - 0x00007ffc9f794000 	C:\WINDOWS\SYSTEM32\WINMM.dll
//0x00007ffc9f5e0000 - 0x00007ffc9f5ea000 	C:\WINDOWS\SYSTEM32\VERSION.dll
//0x00007ffca3710000 - 0x00007ffca3719000 	C:\WINDOWS\SYSTEM32\WSOCK32.dll
//0x00007ffcaa510000 - 0x00007ffcaa581000 	C:\WINDOWS\System32\WS2_32.dll
//0x00007ffca7310000 - 0x00007ffca7328000 	C:\WINDOWS\SYSTEM32\kernel.appcore.dll
//0x00007ffca28e0000 - 0x00007ffca28ea000 	C:\Program Files\Android\Android Studio1\jbr\bin\jimage.dll
//0x00007ffc94580000 - 0x00007ffc947ae000 	C:\WINDOWS\SYSTEM32\DBGHELP.DLL
//0x00007ffcaabe0000 - 0x00007ffcaaf6a000 	C:\WINDOWS\System32\combase.dll
//0x00007ffca9170000 - 0x00007ffca9247000 	C:\WINDOWS\System32\OLEAUT32.dll
//0x00007ffc89c90000 - 0x00007ffc89cc2000 	C:\WINDOWS\SYSTEM32\dbgcore.DLL
//0x00007ffca8870000 - 0x00007ffca88ea000 	C:\WINDOWS\System32\bcryptPrimitives.dll
//0x00007ffc73b00000 - 0x00007ffc73b25000 	C:\Program Files\Android\Android Studio1\jbr\bin\java.dll
//
//dbghelp: loaded successfully - version: 4.0.5 - missing functions: none
//symbol engine: initialized successfully - sym options: 0x614 - pdb path: .;C:\Program Files\Android\Android Studio1\jbr\bin;C:\WINDOWS\SYSTEM32;C:\WINDOWS\WinSxS\amd64_microsoft.windows.common-controls_6595b64144ccf1df_6.0.22621.2361_none_2712ced57382f843;C:\Program Files\Android\Android Studio1\jbr\bin\server
//
//VM Arguments:
//java_command: org.jetbrains.kotlin.cli.jvm.K2JVMCompiler @C:\Users\mehar\OneDrive\Bookmart\app\build\20231017_12798365845730884922.compiler.options
//java_class_path (initial): C:\Users\mehar\.gradle\caches\modules-2\files-2.1\org.jetbrains.kotlin\kotlin-compiler-embeddable\1.8.10\b0757fd774344d54ce93f5ad6c30ba1c1731c8ff\kotlin-compiler-embeddable-1.8.10.jar;C:\Users\mehar\.gradle\caches\modules-2\files-2.1\org.jetbrains.kotlin\kotlin-stdlib\1.8.10\6d5560a229477df9406943d5feda5618e98eb64c\kotlin-stdlib-1.8.10.jar;C:\Users\mehar\.gradle\caches\modules-2\files-2.1\org.jetbrains.kotlin\kotlin-script-runtime\1.8.10\b13ea9c7e46d589139e56086a878763290e20bd5\kotlin-script-runtime-1.8.10.jar;C:\Users\mehar\.gradle\caches\modules-2\files-2.1\org.jetbrains.kotlin\kotlin-reflect\1.6.10\1cbe9c92c12a94eea200d23c2bbaedaf3daf5132\kotlin-reflect-1.6.10.jar;C:\Users\mehar\.gradle\caches\modules-2\files-2.1\org.jetbrains.kotlin\kotlin-daemon-embeddable\1.8.10\ad8541d9bc1cf9e52c3204161247910c2cf601d4\kotlin-daemon-embeddable-1.8.10.jar;C:\Users\mehar\.gradle\caches\modules-2\files-2.1\org.jetbrains.intellij.deps\trove4j\1.0.20200330\3afb14d5f9ceb459d724e907a21145e8ff394f02\trove4j-1.0.20200330.jar;C:\Users\mehar\.gradle\caches\modules-2\files-2.1\net.java.dev.jna\jna\5.6.0\330f2244e9030119ab3030fc3fededc86713d9cc\jna-5.6.0.jar;C:\Users\mehar\.gradle\caches\modules-2\files-2.1\org.jetbrains.kotlin\kotlin-stdlib-common\1.8.10\a61b182458550492c12aee66157d7b524a63a5ec\kotlin-stdlib-common-1.8.10.jar;C:\Users\mehar\.gradle\caches\modules-2\files-2.1\org.jetbrains\annotations\13.0\919f0dfe192fb4e063e7dacadee7f8bb9a2672a9\annotations-13.0.jar
//Launcher Type: SUN_STANDARD
//
//[Global flags]
//     intx CICompilerCount                          = 4                                         {product} {ergonomic}
//     uint ConcGCThreads                            = 3                                         {product} {ergonomic}
//     uint G1ConcRefinementThreads                  = 10                                        {product} {ergonomic}
//   size_t G1HeapRegionSize                         = 1048576                                   {product} {ergonomic}
//    uintx GCDrainStackTargetSize                   = 64                                        {product} {ergonomic}
//   size_t InitialHeapSize                          = 123731968                                 {product} {ergonomic}
//   size_t MarkStackSize                            = 4194304                                   {product} {ergonomic}
//   size_t MaxHeapSize                              = 1973420032                                {product} {ergonomic}
//   size_t MinHeapDeltaBytes                        = 1048576                                   {product} {ergonomic}
//   size_t MinHeapSize                              = 8388608                                   {product} {ergonomic}
//    uintx NonNMethodCodeHeapSize                   = 5839372                                {pd product} {ergonomic}
//    uintx NonProfiledCodeHeapSize                  = 122909434                              {pd product} {ergonomic}
//    uintx ProfiledCodeHeapSize                     = 122909434                              {pd product} {ergonomic}
//    uintx ReservedCodeCacheSize                    = 251658240                              {pd product} {ergonomic}
//     bool SegmentedCodeCache                       = true                                      {product} {ergonomic}
//   size_t SoftMaxHeapSize                          = 1973420032                             {manageable} {ergonomic}
//     bool UseCompressedClassPointers               = true                           {product lp64_product} {ergonomic}
//     bool UseCompressedOops                        = true                           {product lp64_product} {ergonomic}
//     bool UseG1GC                                  = true                                      {product} {ergonomic}
//     bool UseLargePagesIndividualAllocation        = false                                  {pd product} {ergonomic}
//
//Logging:
//Log output configuration:
// #0: stdout all=warning uptime,level,tags
// #1: stderr all=off uptime,level,tags
//
//Environment Variables:
//PATH=C:\Program Files\Python311\Scripts\;C:\Program Files\Python311\;C:\Program Files (x86)\Common Files\Oracle\Java\javapath;C:\windows\system32;C:\windows;C:\windows\System32\WindowsPowerShell\v1.0\;C:\windows\System32\OpenSSH\;C:\Program Files (x86)\NVIDIA Corporation\PhysX\Common;C:\Program Files\NVIDIA Corporation\NVIDIA NvDLISR;C:\MinGW\bin;C:\Program Files\Java\jre1.8.0_351\bin;C:\Program Files\Git\cmd;C:\WINDOWS\system32;C:\WINDOWS;C:\WINDOWS\System32\Wbem;C:\WINDOWS\System32\WindowsPowerShell\v1.0\;C:\WINDOWS\System32\OpenSSH\;C:\Program Files\MySQL\MySQL Server 8.0\bin;C:\Users\mehar\AppData\Local\Programs\Python\Python311\Scripts\;C:\Program Files\MySQL\MySQL Shell 8.0\bin\;C:\Users\mehar\AppData\Local\Microsoft\WindowsApps;C:\Users\mehar\AppData\Local\Programs\Microsoft VS Code\bin;C:\Users\mehar\AppData\Local\GitHubDesktop\bin;C:\Users\mehar\tool\gradle-7.6\bin;;C:\Program Files\JetBrains\IntelliJ IDEA Community Edition 2023.2\bin;
//USERNAME=mehar
//OS=Windows_NT
//PROCESSOR_IDENTIFIER=AMD64 Family 25 Model 80 Stepping 0, AuthenticAMD
//TMP=C:\Users\mehar\AppData\Local\Temp
//TEMP=C:\Users\mehar\AppData\Local\Temp
//
//
//JNI global refs:
//
//[error occurred during error reporting (JNI global references), id 0xc0000005, EXCEPTION_ACCESS_VIOLATION (0xc0000005) at pc=0x00007ffbebc47a10]
//
//
//---------------  S Y S T E M  ---------------
//
//OS:
// Windows 11 , 64 bit Build 22621 (10.0.22621.2428)
//OS uptime: 1 days 21:57 hours
//
//CPU: total 12 (initial active 12) (12 cores per cpu, 2 threads per core) family 25 model 80 stepping 0 microcode 0x0, cx8, cmov, fxsr, ht, mmx, 3dnowpref, sse, sse2, sse3, ssse3, sse4a, sse4.1, sse4.2, popcnt, lzcnt, tsc, tscinvbit, avx, avx2, aes, erms, clmul, bmi1, bmi2, adx, sha, fma, vzeroupper, clflush, clflushopt
//
//Memory: 4k page, system-wide physical 7521M (353M free)
//TotalPageFile size 31073M (AvailPageFile size 81M)
//current process WorkingSet (physical memory assigned to process): 11M, peak: 11M
//current process commit charge ("private bytes"): 64M, peak: 182M
//
//vm_info: OpenJDK 64-Bit Server VM (17.0.6+0-b2043.56-10027231) for windows-amd64 JRE (17.0.6+0-b2043.56-10027231), built on Apr 28 2023 00:43:19 by "androidbuild" with MS VC++ 16.10 / 16.11 (VS2019)
//
//END.
