#
# There is insufficient memory for the Java Runtime Environment to continue.
# Native memory allocation (mmap) failed to map 143654912 bytes for G1 virtual space
# Possible reasons:
#   The system is out of physical RAM or swap space
#   The process is running with CompressedOops enabled, and the Java Heap may be blocking the growth of the native heap
# Possible solutions:
#   Reduce memory load on the system
#   Increase physical memory or swap space
#   Check if swap backing store is full
#   Decrease Java heap size (-Xmx/-Xms)
#   Decrease number of Java threads
#   Decrease Java thread stack sizes (-Xss)
#   Set larger code cache with -XX:ReservedCodeCacheSize=
#   JVM is running with Unscaled Compressed Oops mode in which the Java heap is
#     placed in the first 4GB address space. The Java Heap base address is the
#     maximum limit for the native heap growth. Please use -XX:HeapBaseMinAddress
#     to set the Java Heap base and to place the Java Heap above 4GB virtual address.
# This output file may be truncated or incomplete.
#
#  Out of Memory Error (os_windows.cpp:3769), pid=16024, tid=11680
#
# JRE version: OpenJDK Runtime Environment (17.0.6) (build 17.0.6+0-b2043.56-10027231)
# Java VM: OpenJDK 64-Bit Server VM (17.0.6+0-b2043.56-10027231, mixed mode, tiered, compressed oops, compressed class ptrs, g1 gc, windows-amd64)
# No core dump will be written. Minidumps are not enabled by default on client versions of Windows
#

---------------  S U M M A R Y ------------

Command Line: --add-opens=java.base/java.util=ALL-UNNAMED --add-opens=java.base/java.lang=ALL-UNNAMED --add-opens=java.base/java.lang.invoke=ALL-UNNAMED --add-opens=java.prefs/java.util.prefs=ALL-UNNAMED --add-opens=java.base/java.nio.charset=ALL-UNNAMED --add-opens=java.base/java.net=ALL-UNNAMED --add-opens=java.base/java.util.concurrent.atomic=ALL-UNNAMED -Xmx2048m -Dfile.encoding=UTF-8 -Duser.country=IN -Duser.language=en -Duser.variant org.gradle.launcher.daemon.bootstrap.GradleDaemon 8.0

Host: AMD Ryzen 5 5600H with Radeon Graphics         , 12 cores, 7G,  Windows 11 , 64 bit Build 22621 (10.0.22621.2428)
Time: Fri Oct 20 09:31:25 2023 India Standard Time elapsed time: 14.400523 seconds (0d 0h 0m 14s)

---------------  T H R E A D  ---------------

Current thread (0x00000266112d22b0):  VMThread "VM Thread" [stack: 0x000000af9de00000,0x000000af9df00000] [id=11680]

Stack: [0x000000af9de00000,0x000000af9df00000]
Native frames: (J=compiled Java code, j=interpreted, Vv=VM code, C=native code)
V  [jvm.dll+0x683c9a]
V  [jvm.dll+0x8427a4]
V  [jvm.dll+0x843f9e]
V  [jvm.dll+0x844603]
V  [jvm.dll+0x249b75]
V  [jvm.dll+0x680b69]
V  [jvm.dll+0x67505a]
V  [jvm.dll+0x309acb]
V  [jvm.dll+0x310f86]
V  [jvm.dll+0x3608ee]
V  [jvm.dll+0x360b1f]
V  [jvm.dll+0x2dfbf8]
V  [jvm.dll+0x2ddec4]
V  [jvm.dll+0x2dd4cc]
V  [jvm.dll+0x321f3b]
V  [jvm.dll+0x848ccb]
V  [jvm.dll+0x849a04]
V  [jvm.dll+0x849f1d]
V  [jvm.dll+0x84a2f4]
V  [jvm.dll+0x84a3c0]
V  [jvm.dll+0x7f274a]
V  [jvm.dll+0x682ad5]
C  [ucrtbase.dll+0x29363]
C  [KERNEL32.DLL+0x1257d]
C  [ntdll.dll+0x5aa78]

VM_Operation (0x000000af9f5f5320): G1CollectForAllocation, mode: safepoint, requested by thread 0x0000026612158580


---------------  P R O C E S S  ---------------

Threads class SMR info:
_java_thread_list=0x000002661af47210, length=171, elements={
0x0000026676fd8cc0, 0x000002661130e250, 0x00000266112d5e00, 0x00000266112fa7b0,
0x00000266112fb270, 0x00000266112fbd20, 0x00000266112fc6d0, 0x0000026611c32300,
0x0000026611c32da0, 0x0000026611c35b90, 0x0000026611dc4010, 0x0000026611dd8010,
0x0000026612f350c0, 0x000002661278c4a0, 0x000002661352a6d0, 0x00000266134b1680,
0x00000266134b1b50, 0x00000266121580b0, 0x0000026612158580, 0x00000266135ed260,
0x00000266135eb580, 0x00000266135ed730, 0x00000266135ee5a0, 0x00000266135ec3f0,
0x00000266135edc00, 0x00000266135eba50, 0x00000266135ee0d0, 0x00000266135eea70,
0x00000266135eb0b0, 0x00000266135ebf20, 0x00000266135ec8c0, 0x00000266135ecd90,
0x0000026614981280, 0x0000026614981c20, 0x0000026614983900, 0x0000026616ab23a0,
0x00000266149825c0, 0x0000026614982f60, 0x0000026614981750, 0x00000266149842a0,
0x0000026614984770, 0x0000026614980db0, 0x000002661a0b0160, 0x000002661a0b0630,
0x000002661a0b1e40, 0x000002661a0b74e0, 0x000002661a0b3b20, 0x000002661a0b2310,
0x000002661a0b79b0, 0x000002661a0b0fd0, 0x000002661a0b14a0, 0x000002661a0b1970,
0x000002661a0b27e0, 0x000002661a0b4990, 0x000002661a0b3180, 0x000002661a0b5cd0,
0x000002661a0b2cb0, 0x000002661a0b6670, 0x000002661a0b3650, 0x000002661a0b3ff0,
0x000002661a0b61a0, 0x000002661a0b5800, 0x000002661a0b7010, 0x000002661a0b44c0,
0x000002661a0b6b40, 0x000002661a0b4e60, 0x000002661a0b5330, 0x000002661a002750,
0x000002661a006ab0, 0x000002661a006f80, 0x000002661a0018e0, 0x000002661a003f60,
0x000002661a007450, 0x000002661a0065e0, 0x000002661a004430, 0x000002661a005770,
0x000002661a002280, 0x000002661a0030f0, 0x000002661a007920, 0x000002661a0035c0,
0x000002661a001410, 0x000002661a0005a0, 0x000002661a0000d0, 0x000002661a000a70,
0x000002661a000f40, 0x000002661a001db0, 0x000002661a002c20, 0x000002661a004dd0,
0x000002661a003a90, 0x000002661a004900, 0x000002661a0052a0, 0x000002661a005c40,
0x000002661a006110, 0x00000266194ff340, 0x00000266195036a0, 0x0000026619503b70,
0x00000266194fe000, 0x00000266195019c0, 0x00000266195014f0, 0x0000026619504040,
0x0000026619501e90, 0x0000026619502830, 0x0000026619500b50, 0x0000026619502360,
0x0000026619504510, 0x00000266194ff810, 0x0000026619500680, 0x0000026619502d00,
0x00000266195031d0, 0x00000266195049e0, 0x0000026619504eb0, 0x00000266194ffce0,
0x00000266194fd660, 0x00000266194fdb30, 0x00000266194fe4d0, 0x00000266194fe9a0,
0x00000266194fee70, 0x00000266195001b0, 0x0000026619501020, 0x0000026619115c70,
0x0000026619116610, 0x000002661911b310, 0x000002661911c650, 0x0000026619114e00,
0x0000026619116ae0, 0x000002661911b7e0, 0x00000266191187c0, 0x00000266191182f0,
0x000002661911a970, 0x000002661911a4a0, 0x000002661911ae40, 0x0000026619116140,
0x000002661911bcb0, 0x00000266191152d0, 0x0000026619118c90, 0x0000026619117480,
0x00000266191157a0, 0x0000026619119160, 0x0000026619116fb0, 0x000002661911c180,
0x0000026619117950, 0x0000026619117e20, 0x0000026619119630, 0x0000026619119b00,
0x0000026619119fd0, 0x000002661941e010, 0x000002661941d670, 0x000002661941db40,
0x0000026619422840, 0x000002661941e4e0, 0x000002661941d1a0, 0x00000266194236b0,
0x0000026619421500, 0x0000026619420690, 0x0000026619423b80, 0x0000026619422d10,
0x000002661941fcf0, 0x000002661941e9b0, 0x00000266194249f0, 0x000002661941ee80,
0x0000026619424050, 0x00000266194219d0, 0x000002661941f350, 0x000002661941f820,
0x00000266194201c0, 0x0000026619420b60, 0x0000026619424520, 0x0000026619421ea0,
0x0000026619421030, 0x0000026619422370, 0x00000266194231e0
}

Java Threads: ( => current thread )
  0x0000026676fd8cc0 JavaThread "main" [_thread_blocked, id=19392, stack(0x000000af9d800000,0x000000af9d900000)]
  0x000002661130e250 JavaThread "Reference Handler" daemon [_thread_blocked, id=31152, stack(0x000000af9df00000,0x000000af9e000000)]
  0x00000266112d5e00 JavaThread "Finalizer" daemon [_thread_blocked, id=18020, stack(0x000000af9e000000,0x000000af9e100000)]
  0x00000266112fa7b0 JavaThread "Signal Dispatcher" daemon [_thread_blocked, id=12960, stack(0x000000af9e100000,0x000000af9e200000)]
  0x00000266112fb270 JavaThread "Attach Listener" daemon [_thread_blocked, id=23956, stack(0x000000af9e200000,0x000000af9e300000)]
  0x00000266112fbd20 JavaThread "Service Thread" daemon [_thread_blocked, id=900, stack(0x000000af9e300000,0x000000af9e400000)]
  0x00000266112fc6d0 JavaThread "Monitor Deflation Thread" daemon [_thread_blocked, id=21676, stack(0x000000af9e400000,0x000000af9e500000)]
  0x0000026611c32300 JavaThread "C2 CompilerThread0" daemon [_thread_blocked, id=13976, stack(0x000000af9e500000,0x000000af9e600000)]
  0x0000026611c32da0 JavaThread "C1 CompilerThread0" daemon [_thread_blocked, id=23616, stack(0x000000af9e600000,0x000000af9e700000)]
  0x0000026611c35b90 JavaThread "Sweeper thread" daemon [_thread_blocked, id=29168, stack(0x000000af9e700000,0x000000af9e800000)]
  0x0000026611dc4010 JavaThread "Common-Cleaner" daemon [_thread_blocked, id=2972, stack(0x000000af9e800000,0x000000af9e900000)]
  0x0000026611dd8010 JavaThread "Notification Thread" daemon [_thread_blocked, id=11896, stack(0x000000af9e900000,0x000000af9ea00000)]
  0x0000026612f350c0 JavaThread "Daemon health stats" [_thread_blocked, id=30052, stack(0x000000af9ef00000,0x000000af9f000000)]
  0x000002661278c4a0 JavaThread "Incoming local TCP Connector on port 56365" [_thread_in_native, id=32972, stack(0x000000af9f000000,0x000000af9f100000)]
  0x000002661352a6d0 JavaThread "Daemon periodic checks" [_thread_blocked, id=11744, stack(0x000000af9f100000,0x000000af9f200000)]
  0x00000266134b1680 JavaThread "Daemon" [_thread_blocked, id=31636, stack(0x000000af9f200000,0x000000af9f300000)]
  0x00000266134b1b50 JavaThread "Handler for socket connection from /127.0.0.1:56365 to /127.0.0.1:56367" [_thread_in_native, id=30848, stack(0x000000af9f300000,0x000000af9f400000)]
  0x00000266121580b0 JavaThread "Cancel handler" [_thread_blocked, id=29940, stack(0x000000af9f400000,0x000000af9f500000)]
  0x0000026612158580 JavaThread "Daemon worker" [_thread_blocked, id=5800, stack(0x000000af9f500000,0x000000af9f600000)]
  0x00000266135ed260 JavaThread "Asynchronous log dispatcher for DefaultDaemonConnection: socket connection from /127.0.0.1:56365 to /127.0.0.1:56367" [_thread_blocked, id=8692, stack(0x000000af9f600000,0x000000af9f700000)]
  0x00000266135eb580 JavaThread "Stdin handler" [_thread_blocked, id=13904, stack(0x000000af9f700000,0x000000af9f800000)]
  0x00000266135ed730 JavaThread "Daemon client event forwarder" [_thread_blocked, id=33100, stack(0x000000af9f800000,0x000000af9f900000)]
  0x00000266135ee5a0 JavaThread "Cache worker for journal cache (C:\Users\mehar\.gradle\caches\journal-1)" [_thread_blocked, id=34204, stack(0x000000afa0000000,0x000000afa0100000)]
  0x00000266135ec3f0 JavaThread "File lock request listener" [_thread_in_native, id=34088, stack(0x000000afa0100000,0x000000afa0200000)]
  0x00000266135edc00 JavaThread "Cache worker for file hash cache (C:\Users\mehar\.gradle\caches\8.0\fileHashes)" [_thread_blocked, id=368, stack(0x000000afa0200000,0x000000afa0300000)]
  0x00000266135eba50 JavaThread "File watcher server" daemon [_thread_in_native, id=23240, stack(0x000000afa0300000,0x000000afa0400000)]
  0x00000266135ee0d0 JavaThread "File watcher consumer" daemon [_thread_blocked, id=15700, stack(0x000000afa0400000,0x000000afa0500000)]
  0x00000266135eea70 JavaThread "Cache worker for checksums cache (C:\Users\mehar\OneDrive\Bookmart\.gradle\8.0\checksums)" [_thread_blocked, id=30128, stack(0x000000afa0500000,0x000000afa0600000)]
  0x00000266135eb0b0 JavaThread "Cache worker for cache directory md-rule (C:\Users\mehar\.gradle\caches\8.0\md-rule)" [_thread_blocked, id=26828, stack(0x000000afa0600000,0x000000afa0700000)]
  0x00000266135ebf20 JavaThread "Cache worker for file content cache (C:\Users\mehar\.gradle\caches\8.0\fileContent)" [_thread_blocked, id=31616, stack(0x000000afa0700000,0x000000afa0800000)]
  0x00000266135ec8c0 JavaThread "Cache worker for file hash cache (C:\Users\mehar\OneDrive\Bookmart\.gradle\8.0\fileHashes)" [_thread_blocked, id=8724, stack(0x000000afa0800000,0x000000afa0900000)]
  0x00000266135ecd90 JavaThread "Cache worker for cache directory md-supplier (C:\Users\mehar\.gradle\caches\8.0\md-supplier)" [_thread_blocked, id=31836, stack(0x000000afa0900000,0x000000afa0a00000)]
  0x0000026614981280 JavaThread "Cache worker for execution history cache (C:\Users\mehar\.gradle\caches\8.0\executionHistory)" [_thread_blocked, id=32212, stack(0x000000afa0a00000,0x000000afa0b00000)]
  0x0000026614981c20 JavaThread "jar transforms" [_thread_blocked, id=19108, stack(0x000000afa0b00000,0x000000afa0c00000)]
  0x0000026614983900 JavaThread "jar transforms Thread 2" [_thread_blocked, id=7584, stack(0x000000afa0c00000,0x000000afa0d00000)]
  0x0000026616ab23a0 JavaThread "C2 CompilerThread1" daemon [_thread_blocked, id=27628, stack(0x000000afa0d00000,0x000000afa0e00000)]
  0x00000266149825c0 JavaThread "Cache worker for kotlin-dsl (C:\Users\mehar\.gradle\caches\8.0\kotlin-dsl)" [_thread_blocked, id=33316, stack(0x000000afa0e00000,0x000000afa0f00000)]
  0x0000026614982f60 JavaThread "jar transforms Thread 3" [_thread_blocked, id=32240, stack(0x000000afa0f00000,0x000000afa1000000)]
  0x0000026614981750 JavaThread "jar transforms Thread 4" [_thread_blocked, id=29468, stack(0x000000afa1000000,0x000000afa1100000)]
  0x00000266149842a0 JavaThread "Cache worker for dependencies-accessors (C:\Users\mehar\OneDrive\Bookmart\.gradle\8.0\dependencies-accessors)" [_thread_blocked, id=28492, stack(0x000000afa1100000,0x000000afa1200000)]
  0x0000026614984770 JavaThread "Cache worker for Build Output Cleanup Cache (C:\Users\mehar\OneDrive\Bookmart\.gradle\buildOutputCleanup)" [_thread_blocked, id=33924, stack(0x000000afa1200000,0x000000afa1300000)]
  0x0000026614980db0 JavaThread "jar transforms Thread 5" [_thread_blocked, id=34224, stack(0x000000afa1300000,0x000000afa1400000)]
  0x000002661a0b0160 JavaThread "Unconstrained build operations" [_thread_blocked, id=28236, stack(0x000000afa1400000,0x000000afa1500000)]
  0x000002661a0b0630 JavaThread "Unconstrained build operations Thread 2" [_thread_blocked, id=32460, stack(0x000000afa1500000,0x000000afa1600000)]
  0x000002661a0b1e40 JavaThread "Unconstrained build operations Thread 3" [_thread_blocked, id=10532, stack(0x000000afa1600000,0x000000afa1700000)]
  0x000002661a0b74e0 JavaThread "Unconstrained build operations Thread 4" [_thread_blocked, id=17008, stack(0x000000afa1700000,0x000000afa1800000)]
  0x000002661a0b3b20 JavaThread "Unconstrained build operations Thread 5" [_thread_blocked, id=25460, stack(0x000000afa1800000,0x000000afa1900000)]
  0x000002661a0b2310 JavaThread "Unconstrained build operations Thread 6" [_thread_blocked, id=28724, stack(0x000000afa1900000,0x000000afa1a00000)]
  0x000002661a0b79b0 JavaThread "Unconstrained build operations Thread 7" [_thread_blocked, id=30492, stack(0x000000afa1a00000,0x000000afa1b00000)]
  0x000002661a0b0fd0 JavaThread "Unconstrained build operations Thread 8" [_thread_blocked, id=28096, stack(0x000000afa1b00000,0x000000afa1c00000)]
  0x000002661a0b14a0 JavaThread "Unconstrained build operations Thread 9" [_thread_blocked, id=32072, stack(0x000000afa1c00000,0x000000afa1d00000)]
  0x000002661a0b1970 JavaThread "Unconstrained build operations Thread 10" [_thread_blocked, id=24904, stack(0x000000afa1d00000,0x000000afa1e00000)]
  0x000002661a0b27e0 JavaThread "Unconstrained build operations Thread 11" [_thread_blocked, id=3964, stack(0x000000afa1e00000,0x000000afa1f00000)]
  0x000002661a0b4990 JavaThread "Unconstrained build operations Thread 12" [_thread_blocked, id=11728, stack(0x000000afa1f00000,0x000000afa2000000)]
  0x000002661a0b3180 JavaThread "Unconstrained build operations Thread 13" [_thread_blocked, id=31476, stack(0x000000afa2000000,0x000000afa2100000)]
  0x000002661a0b5cd0 JavaThread "Unconstrained build operations Thread 14" [_thread_blocked, id=26412, stack(0x000000afa2100000,0x000000afa2200000)]
  0x000002661a0b2cb0 JavaThread "Unconstrained build operations Thread 15" [_thread_blocked, id=19324, stack(0x000000afa2200000,0x000000afa2300000)]
  0x000002661a0b6670 JavaThread "Unconstrained build operations Thread 16" [_thread_blocked, id=23896, stack(0x000000afa2300000,0x000000afa2400000)]
  0x000002661a0b3650 JavaThread "Unconstrained build operations Thread 17" [_thread_blocked, id=34760, stack(0x000000afa2400000,0x000000afa2500000)]
  0x000002661a0b3ff0 JavaThread "Unconstrained build operations Thread 18" [_thread_blocked, id=25572, stack(0x000000afa2500000,0x000000afa2600000)]
  0x000002661a0b61a0 JavaThread "Unconstrained build operations Thread 19" [_thread_blocked, id=29256, stack(0x000000afa2600000,0x000000afa2700000)]
  0x000002661a0b5800 JavaThread "Unconstrained build operations Thread 20" [_thread_blocked, id=31972, stack(0x000000afa2700000,0x000000afa2800000)]
  0x000002661a0b7010 JavaThread "Unconstrained build operations Thread 21" [_thread_blocked, id=5276, stack(0x000000afa2800000,0x000000afa2900000)]
  0x000002661a0b44c0 JavaThread "Unconstrained build operations Thread 22" [_thread_blocked, id=30996, stack(0x000000afa2900000,0x000000afa2a00000)]
  0x000002661a0b6b40 JavaThread "Unconstrained build operations Thread 23" [_thread_blocked, id=22936, stack(0x000000afa2a00000,0x000000afa2b00000)]
  0x000002661a0b4e60 JavaThread "Unconstrained build operations Thread 24" [_thread_blocked, id=26680, stack(0x000000afa2b00000,0x000000afa2c00000)]
  0x000002661a0b5330 JavaThread "Unconstrained build operations Thread 25" [_thread_blocked, id=5752, stack(0x000000afa2c00000,0x000000afa2d00000)]
  0x000002661a002750 JavaThread "Unconstrained build operations Thread 26" [_thread_blocked, id=12224, stack(0x000000afa2d00000,0x000000afa2e00000)]
  0x000002661a006ab0 JavaThread "Unconstrained build operations Thread 27" [_thread_blocked, id=8412, stack(0x000000afa2e00000,0x000000afa2f00000)]
  0x000002661a006f80 JavaThread "Unconstrained build operations Thread 28" [_thread_blocked, id=1080, stack(0x000000afa2f00000,0x000000afa3000000)]
  0x000002661a0018e0 JavaThread "Unconstrained build operations Thread 29" [_thread_blocked, id=26008, stack(0x000000afa3000000,0x000000afa3100000)]
  0x000002661a003f60 JavaThread "Unconstrained build operations Thread 30" [_thread_blocked, id=1376, stack(0x000000afa3100000,0x000000afa3200000)]
  0x000002661a007450 JavaThread "Unconstrained build operations Thread 31" [_thread_blocked, id=34764, stack(0x000000afa3200000,0x000000afa3300000)]
  0x000002661a0065e0 JavaThread "Unconstrained build operations Thread 32" [_thread_blocked, id=22128, stack(0x000000afa3300000,0x000000afa3400000)]
  0x000002661a004430 JavaThread "Unconstrained build operations Thread 33" [_thread_blocked, id=23208, stack(0x000000afa3400000,0x000000afa3500000)]
  0x000002661a005770 JavaThread "Unconstrained build operations Thread 34" [_thread_blocked, id=34248, stack(0x000000afa3500000,0x000000afa3600000)]
  0x000002661a002280 JavaThread "Unconstrained build operations Thread 35" [_thread_blocked, id=20332, stack(0x000000afa3600000,0x000000afa3700000)]
  0x000002661a0030f0 JavaThread "Unconstrained build operations Thread 36" [_thread_blocked, id=15056, stack(0x000000afa3700000,0x000000afa3800000)]
  0x000002661a007920 JavaThread "Unconstrained build operations Thread 37" [_thread_blocked, id=31180, stack(0x000000afa3800000,0x000000afa3900000)]
  0x000002661a0035c0 JavaThread "Unconstrained build operations Thread 38" [_thread_blocked, id=24344, stack(0x000000afa3900000,0x000000afa3a00000)]
  0x000002661a001410 JavaThread "Unconstrained build operations Thread 39" [_thread_blocked, id=25172, stack(0x000000afa3a00000,0x000000afa3b00000)]
  0x000002661a0005a0 JavaThread "Unconstrained build operations Thread 40" [_thread_blocked, id=9112, stack(0x000000afa3b00000,0x000000afa3c00000)]
  0x000002661a0000d0 JavaThread "Unconstrained build operations Thread 41" [_thread_blocked, id=13428, stack(0x000000afa3c00000,0x000000afa3d00000)]
  0x000002661a000a70 JavaThread "Unconstrained build operations Thread 42" [_thread_blocked, id=22136, stack(0x000000afa3d00000,0x000000afa3e00000)]
  0x000002661a000f40 JavaThread "Unconstrained build operations Thread 43" [_thread_blocked, id=24960, stack(0x000000afa3e00000,0x000000afa3f00000)]
  0x000002661a001db0 JavaThread "Unconstrained build operations Thread 44" [_thread_blocked, id=17932, stack(0x000000afa3f00000,0x000000afa4000000)]
  0x000002661a002c20 JavaThread "Unconstrained build operations Thread 45" [_thread_blocked, id=29444, stack(0x000000afa4000000,0x000000afa4100000)]
  0x000002661a004dd0 JavaThread "Unconstrained build operations Thread 46" [_thread_blocked, id=26340, stack(0x000000afa4100000,0x000000afa4200000)]
  0x000002661a003a90 JavaThread "Unconstrained build operations Thread 47" [_thread_blocked, id=29976, stack(0x000000afa4200000,0x000000afa4300000)]
  0x000002661a004900 JavaThread "Unconstrained build operations Thread 48" [_thread_blocked, id=23924, stack(0x000000afa4300000,0x000000afa4400000)]
  0x000002661a0052a0 JavaThread "Unconstrained build operations Thread 49" [_thread_blocked, id=32024, stack(0x000000afa4400000,0x000000afa4500000)]
  0x000002661a005c40 JavaThread "Unconstrained build operations Thread 50" [_thread_blocked, id=28348, stack(0x000000afa4500000,0x000000afa4600000)]
  0x000002661a006110 JavaThread "Unconstrained build operations Thread 51" [_thread_blocked, id=26388, stack(0x000000afa4600000,0x000000afa4700000)]
  0x00000266194ff340 JavaThread "Unconstrained build operations Thread 52" [_thread_blocked, id=34200, stack(0x000000afa4700000,0x000000afa4800000)]
  0x00000266195036a0 JavaThread "Unconstrained build operations Thread 53" [_thread_blocked, id=9652, stack(0x000000afa4800000,0x000000afa4900000)]
  0x0000026619503b70 JavaThread "Unconstrained build operations Thread 54" [_thread_blocked, id=32452, stack(0x000000afa4900000,0x000000afa4a00000)]
  0x00000266194fe000 JavaThread "Unconstrained build operations Thread 55" [_thread_blocked, id=10860, stack(0x000000afa4a00000,0x000000afa4b00000)]
  0x00000266195019c0 JavaThread "Unconstrained build operations Thread 56" [_thread_blocked, id=34068, stack(0x000000afa4b00000,0x000000afa4c00000)]
  0x00000266195014f0 JavaThread "Unconstrained build operations Thread 57" [_thread_blocked, id=23132, stack(0x000000afa4c00000,0x000000afa4d00000)]
  0x0000026619504040 JavaThread "Unconstrained build operations Thread 58" [_thread_blocked, id=31120, stack(0x000000afa4d00000,0x000000afa4e00000)]
  0x0000026619501e90 JavaThread "Unconstrained build operations Thread 59" [_thread_blocked, id=28024, stack(0x000000afa4e00000,0x000000afa4f00000)]
  0x0000026619502830 JavaThread "Unconstrained build operations Thread 60" [_thread_blocked, id=19580, stack(0x000000afa4f00000,0x000000afa5000000)]
  0x0000026619500b50 JavaThread "Unconstrained build operations Thread 61" [_thread_blocked, id=31444, stack(0x000000afa5000000,0x000000afa5100000)]
  0x0000026619502360 JavaThread "Unconstrained build operations Thread 62" [_thread_blocked, id=24392, stack(0x000000afa5100000,0x000000afa5200000)]
  0x0000026619504510 JavaThread "Unconstrained build operations Thread 63" [_thread_blocked, id=1588, stack(0x000000afa5200000,0x000000afa5300000)]
  0x00000266194ff810 JavaThread "Unconstrained build operations Thread 64" [_thread_blocked, id=33036, stack(0x000000afa5300000,0x000000afa5400000)]
  0x0000026619500680 JavaThread "Unconstrained build operations Thread 65" [_thread_blocked, id=25820, stack(0x000000afa5400000,0x000000afa5500000)]
  0x0000026619502d00 JavaThread "Unconstrained build operations Thread 66" [_thread_blocked, id=26368, stack(0x000000afa5500000,0x000000afa5600000)]
  0x00000266195031d0 JavaThread "Unconstrained build operations Thread 67" [_thread_blocked, id=32044, stack(0x000000afa5600000,0x000000afa5700000)]
  0x00000266195049e0 JavaThread "Unconstrained build operations Thread 68" [_thread_blocked, id=32216, stack(0x000000afa5700000,0x000000afa5800000)]
  0x0000026619504eb0 JavaThread "Unconstrained build operations Thread 69" [_thread_blocked, id=30900, stack(0x000000afa5800000,0x000000afa5900000)]
  0x00000266194ffce0 JavaThread "Unconstrained build operations Thread 70" [_thread_blocked, id=33952, stack(0x000000afa5900000,0x000000afa5a00000)]
  0x00000266194fd660 JavaThread "Unconstrained build operations Thread 71" [_thread_blocked, id=25956, stack(0x000000afa5a00000,0x000000afa5b00000)]
  0x00000266194fdb30 JavaThread "Unconstrained build operations Thread 72" [_thread_blocked, id=32456, stack(0x000000afa5b00000,0x000000afa5c00000)]
  0x00000266194fe4d0 JavaThread "Unconstrained build operations Thread 73" [_thread_blocked, id=21752, stack(0x000000afa5c00000,0x000000afa5d00000)]
  0x00000266194fe9a0 JavaThread "Unconstrained build operations Thread 74" [_thread_blocked, id=31772, stack(0x000000afa5d00000,0x000000afa5e00000)]
  0x00000266194fee70 JavaThread "Unconstrained build operations Thread 75" [_thread_blocked, id=31640, stack(0x000000afa5e00000,0x000000afa5f00000)]
  0x00000266195001b0 JavaThread "Unconstrained build operations Thread 76" [_thread_blocked, id=12824, stack(0x000000afa5f00000,0x000000afa6000000)]
  0x0000026619501020 JavaThread "Unconstrained build operations Thread 77" [_thread_blocked, id=20244, stack(0x000000afa6000000,0x000000afa6100000)]
  0x0000026619115c70 JavaThread "Unconstrained build operations Thread 78" [_thread_blocked, id=33748, stack(0x000000afa6100000,0x000000afa6200000)]
  0x0000026619116610 JavaThread "Unconstrained build operations Thread 79" [_thread_blocked, id=33080, stack(0x000000afa6200000,0x000000afa6300000)]
  0x000002661911b310 JavaThread "Unconstrained build operations Thread 80" [_thread_blocked, id=29052, stack(0x000000afa6300000,0x000000afa6400000)]
  0x000002661911c650 JavaThread "Unconstrained build operations Thread 81" [_thread_blocked, id=4812, stack(0x000000afa6400000,0x000000afa6500000)]
  0x0000026619114e00 JavaThread "Unconstrained build operations Thread 82" [_thread_blocked, id=25988, stack(0x000000afa6500000,0x000000afa6600000)]
  0x0000026619116ae0 JavaThread "Unconstrained build operations Thread 83" [_thread_blocked, id=25252, stack(0x000000afa6600000,0x000000afa6700000)]
  0x000002661911b7e0 JavaThread "Unconstrained build operations Thread 84" [_thread_blocked, id=3788, stack(0x000000afa6700000,0x000000afa6800000)]
  0x00000266191187c0 JavaThread "Unconstrained build operations Thread 85" [_thread_blocked, id=4656, stack(0x000000afa6800000,0x000000afa6900000)]
  0x00000266191182f0 JavaThread "Unconstrained build operations Thread 86" [_thread_blocked, id=22504, stack(0x000000afa6900000,0x000000afa6a00000)]
  0x000002661911a970 JavaThread "Unconstrained build operations Thread 87" [_thread_blocked, id=19756, stack(0x000000afa6a00000,0x000000afa6b00000)]
  0x000002661911a4a0 JavaThread "Unconstrained build operations Thread 88" [_thread_blocked, id=2120, stack(0x000000afa6b00000,0x000000afa6c00000)]
  0x000002661911ae40 JavaThread "Unconstrained build operations Thread 89" [_thread_blocked, id=33960, stack(0x000000afa6c00000,0x000000afa6d00000)]
  0x0000026619116140 JavaThread "Unconstrained build operations Thread 90" [_thread_blocked, id=11032, stack(0x000000afa6d00000,0x000000afa6e00000)]
  0x000002661911bcb0 JavaThread "Unconstrained build operations Thread 91" [_thread_blocked, id=2880, stack(0x000000afa6e00000,0x000000afa6f00000)]
  0x00000266191152d0 JavaThread "Unconstrained build operations Thread 92" [_thread_blocked, id=25724, stack(0x000000afa6f00000,0x000000afa7000000)]
  0x0000026619118c90 JavaThread "Unconstrained build operations Thread 93" [_thread_blocked, id=32904, stack(0x000000afa7000000,0x000000afa7100000)]
  0x0000026619117480 JavaThread "Unconstrained build operations Thread 94" [_thread_blocked, id=30504, stack(0x000000afa7100000,0x000000afa7200000)]
  0x00000266191157a0 JavaThread "Unconstrained build operations Thread 95" [_thread_blocked, id=32796, stack(0x000000afa7200000,0x000000afa7300000)]
  0x0000026619119160 JavaThread "Unconstrained build operations Thread 96" [_thread_blocked, id=34616, stack(0x000000afa7300000,0x000000afa7400000)]
  0x0000026619116fb0 JavaThread "Unconstrained build operations Thread 97" [_thread_blocked, id=30804, stack(0x000000afa7400000,0x000000afa7500000)]
  0x000002661911c180 JavaThread "Unconstrained build operations Thread 98" [_thread_blocked, id=26152, stack(0x000000afa7500000,0x000000afa7600000)]
  0x0000026619117950 JavaThread "Unconstrained build operations Thread 99" [_thread_blocked, id=22116, stack(0x000000afa7600000,0x000000afa7700000)]
  0x0000026619117e20 JavaThread "Unconstrained build operations Thread 100" [_thread_blocked, id=28652, stack(0x000000afa7700000,0x000000afa7800000)]
  0x0000026619119630 JavaThread "Unconstrained build operations Thread 101" [_thread_blocked, id=24900, stack(0x000000afa7800000,0x000000afa7900000)]
  0x0000026619119b00 JavaThread "Unconstrained build operations Thread 102" [_thread_blocked, id=27160, stack(0x000000afa7900000,0x000000afa7a00000)]
  0x0000026619119fd0 JavaThread "Unconstrained build operations Thread 103" [_thread_blocked, id=31756, stack(0x000000afa7a00000,0x000000afa7b00000)]
  0x000002661941e010 JavaThread "Unconstrained build operations Thread 104" [_thread_blocked, id=6016, stack(0x000000afa7b00000,0x000000afa7c00000)]
  0x000002661941d670 JavaThread "Unconstrained build operations Thread 105" [_thread_blocked, id=2072, stack(0x000000afa7c00000,0x000000afa7d00000)]
  0x000002661941db40 JavaThread "Unconstrained build operations Thread 106" [_thread_blocked, id=19380, stack(0x000000afa7d00000,0x000000afa7e00000)]
  0x0000026619422840 JavaThread "Unconstrained build operations Thread 107" [_thread_blocked, id=15344, stack(0x000000afa7e00000,0x000000afa7f00000)]
  0x000002661941e4e0 JavaThread "Unconstrained build operations Thread 108" [_thread_blocked, id=30696, stack(0x000000afa7f00000,0x000000afa8000000)]
  0x000002661941d1a0 JavaThread "Unconstrained build operations Thread 109" [_thread_blocked, id=29448, stack(0x000000afa8000000,0x000000afa8100000)]
  0x00000266194236b0 JavaThread "Unconstrained build operations Thread 110" [_thread_blocked, id=28828, stack(0x000000afa8100000,0x000000afa8200000)]
  0x0000026619421500 JavaThread "Unconstrained build operations Thread 111" [_thread_blocked, id=26632, stack(0x000000afa8200000,0x000000afa8300000)]
  0x0000026619420690 JavaThread "Unconstrained build operations Thread 112" [_thread_blocked, id=3516, stack(0x000000afa8300000,0x000000afa8400000)]
  0x0000026619423b80 JavaThread "Unconstrained build operations Thread 113" [_thread_blocked, id=28244, stack(0x000000afa8400000,0x000000afa8500000)]
  0x0000026619422d10 JavaThread "Unconstrained build operations Thread 114" [_thread_blocked, id=27304, stack(0x000000afa8500000,0x000000afa8600000)]
  0x000002661941fcf0 JavaThread "Unconstrained build operations Thread 115" [_thread_blocked, id=30624, stack(0x000000afa8600000,0x000000afa8700000)]
  0x000002661941e9b0 JavaThread "Unconstrained build operations Thread 116" [_thread_blocked, id=27364, stack(0x000000afa8700000,0x000000afa8800000)]
  0x00000266194249f0 JavaThread "Unconstrained build operations Thread 117" [_thread_blocked, id=30840, stack(0x000000afa8800000,0x000000afa8900000)]
  0x000002661941ee80 JavaThread "Unconstrained build operations Thread 118" [_thread_blocked, id=28344, stack(0x000000afa8900000,0x000000afa8a00000)]
  0x0000026619424050 JavaThread "Unconstrained build operations Thread 119" [_thread_blocked, id=20760, stack(0x000000afa8a00000,0x000000afa8b00000)]
  0x00000266194219d0 JavaThread "Unconstrained build operations Thread 120" [_thread_blocked, id=9492, stack(0x000000afa8b00000,0x000000afa8c00000)]
  0x000002661941f350 JavaThread "jar transforms Thread 6" [_thread_blocked, id=27916, stack(0x000000afa8c00000,0x000000afa8d00000)]
  0x000002661941f820 JavaThread "jar transforms Thread 7" [_thread_blocked, id=11748, stack(0x000000afa8d00000,0x000000afa8e00000)]
  0x00000266194201c0 JavaThread "jar transforms Thread 8" [_thread_blocked, id=30216, stack(0x000000afa8e00000,0x000000afa8f00000)]
  0x0000026619420b60 JavaThread "jar transforms Thread 9" [_thread_blocked, id=31040, stack(0x000000afa8f00000,0x000000afa9000000)]
  0x0000026619424520 JavaThread "jar transforms Thread 10" [_thread_blocked, id=34644, stack(0x000000afa9000000,0x000000afa9100000)]
  0x0000026619421ea0 JavaThread "jar transforms Thread 11" [_thread_blocked, id=19280, stack(0x000000afa9100000,0x000000afa9200000)]
  0x0000026619421030 JavaThread "jar transforms Thread 12" [_thread_blocked, id=33860, stack(0x000000afa9200000,0x000000afa9300000)]
  0x0000026619422370 JavaThread "build event listener" [_thread_blocked, id=1372, stack(0x000000afa9300000,0x000000afa9400000)]
  0x00000266194231e0 JavaThread "Memory manager" [_thread_blocked, id=28488, stack(0x000000afa9400000,0x000000afa9500000)]

Other Threads:
=>0x00000266112d22b0 VMThread "VM Thread" [stack: 0x000000af9de00000,0x000000af9df00000] [id=11680]
  0x0000026677055070 WatcherThread [stack: 0x000000af9ea00000,0x000000af9eb00000] [id=34392]
  0x0000026677034450 GCTaskThread "GC Thread#0" [stack: 0x000000af9d900000,0x000000af9da00000] [id=15660]
  0x00000266121f6720 GCTaskThread "GC Thread#1" [stack: 0x000000af9eb00000,0x000000af9ec00000] [id=32364]
  0x0000026612878860 GCTaskThread "GC Thread#2" [stack: 0x000000af9ec00000,0x000000af9ed00000] [id=23716]
  0x000002661283d750 GCTaskThread "GC Thread#3" [stack: 0x000000af9ed00000,0x000000af9ee00000] [id=9128]
  0x000002661331e7f0 GCTaskThread "GC Thread#4" [stack: 0x000000af9ee00000,0x000000af9ef00000] [id=2340]
  0x0000026613730fa0 GCTaskThread "GC Thread#5" [stack: 0x000000af9f900000,0x000000af9fa00000] [id=15104]
  0x0000026614794680 GCTaskThread "GC Thread#6" [stack: 0x000000af9fa00000,0x000000af9fb00000] [id=15212]
  0x00000266146de4f0 GCTaskThread "GC Thread#7" [stack: 0x000000af9fb00000,0x000000af9fc00000] [id=26064]
  0x00000266146de7a0 GCTaskThread "GC Thread#8" [stack: 0x000000af9fc00000,0x000000af9fd00000] [id=6580]
  0x00000266146dea50 GCTaskThread "GC Thread#9" [stack: 0x000000af9fd00000,0x000000af9fe00000] [id=33184]
  0x0000026677045b30 ConcurrentGCThread "G1 Main Marker" [stack: 0x000000af9da00000,0x000000af9db00000] [id=532]
  0x0000026677046540 ConcurrentGCThread "G1 Conc#0" [stack: 0x000000af9db00000,0x000000af9dc00000] [id=17980]
  0x0000026614622bd0 ConcurrentGCThread "G1 Conc#1" [stack: 0x000000af9fe00000,0x000000af9ff00000] [id=22412]
  0x0000026614827b20 ConcurrentGCThread "G1 Conc#2" [stack: 0x000000af9ff00000,0x000000afa0000000] [id=32744]
  0x00000266111380e0 ConcurrentGCThread "G1 Refine#0" [stack: 0x000000af9dc00000,0x000000af9dd00000] [id=19828]
  0x0000026611138b00 ConcurrentGCThread "G1 Service" [stack: 0x000000af9dd00000,0x000000af9de00000] [id=33072]

Threads with active compile tasks:
C2 CompilerThread0    14428 9655       4       java.lang.Class::getMethodsRecursive (99 bytes)
C2 CompilerThread1    14428 9701       4       groovy.lang.MetaClassImpl$1MOPIter::methodNameAction (325 bytes)

VM state: at safepoint (normal execution)

VM Mutex/Monitor currently owned by a thread:  ([mutex/lock_event])
[0x0000026676fd3eb0] Threads_lock - owner thread: 0x00000266112d22b0
[0x0000026676fd3fd0] Heap_lock - owner thread: 0x0000026612158580

Heap address: 0x0000000080000000, size: 2048 MB, Compressed Oops mode: 32-bit

CDS archive(s) not mapped
Compressed class space mapped at: 0x0000000100000000-0x0000000140000000, reserved size: 1073741824
Narrow klass base: 0x0000000000000000, Narrow klass shift: 3, Narrow klass range: 0x140000000

GC Precious Log:
 CPUs: 12 total, 12 available
 Memory: 7521M
 Large Page Support: Disabled
 NUMA Support: Disabled
 Compressed Oops: Enabled (32-bit)
 Heap Region Size: 1M
 Heap Min Capacity: 8M
 Heap Initial Capacity: 118M
 Heap Max Capacity: 2G
 Pre-touch: Disabled
 Parallel Workers: 10
 Concurrent Workers: 3
 Concurrent Refinement Workers: 10
 Periodic GC: Disabled

Heap:
 garbage-first heap   total 144384K, used 84976K [0x0000000080000000, 0x0000000100000000)
  region size 1024K, 1 young (1024K), 1 survivors (1024K)
 Metaspace       used 94267K, committed 94912K, reserved 1138688K
  class space    used 12805K, committed 13120K, reserved 1048576K

Heap Regions: E=young(eden), S=young(survivor), O=old, HS=humongous(starts), HC=humongous(continues), CS=collection set, F=free, OA=open archive, CA=closed archive, TAMS=top-at-mark-start (previous, next)
|   0|0x0000000080000000, 0x0000000080100000, 0x0000000080100000|100%|HS|  |TAMS 0x0000000080100000, 0x0000000080000000| Complete 
|   1|0x0000000080100000, 0x0000000080200000, 0x0000000080200000|100%|HC|  |TAMS 0x0000000080200000, 0x0000000080100000| Complete 
|   2|0x0000000080200000, 0x0000000080300000, 0x0000000080300000|100%|HC|  |TAMS 0x0000000080300000, 0x0000000080200000| Complete 
|   3|0x0000000080300000, 0x0000000080400000, 0x0000000080400000|100%|HC|  |TAMS 0x0000000080400000, 0x0000000080300000| Complete 
|   4|0x0000000080400000, 0x0000000080500000, 0x0000000080500000|100%| O|  |TAMS 0x0000000080500000, 0x0000000080400000| Untracked 
|   5|0x0000000080500000, 0x0000000080600000, 0x0000000080600000|100%| O|  |TAMS 0x0000000080600000, 0x0000000080500000| Untracked 
|   6|0x0000000080600000, 0x0000000080700000, 0x0000000080700000|100%| O|  |TAMS 0x0000000080700000, 0x0000000080600000| Untracked 
|   7|0x0000000080700000, 0x0000000080800000, 0x0000000080800000|100%| O|  |TAMS 0x0000000080800000, 0x0000000080700000| Untracked 
|   8|0x0000000080800000, 0x0000000080900000, 0x0000000080900000|100%| O|  |TAMS 0x0000000080900000, 0x0000000080800000| Untracked 
|   9|0x0000000080900000, 0x0000000080a00000, 0x0000000080a00000|100%| O|  |TAMS 0x0000000080a00000, 0x0000000080900000| Untracked 
|  10|0x0000000080a00000, 0x0000000080b00000, 0x0000000080b00000|100%| O|  |TAMS 0x0000000080b00000, 0x0000000080a00000| Untracked 
|  11|0x0000000080b00000, 0x0000000080c00000, 0x0000000080c00000|100%| O|  |TAMS 0x0000000080c00000, 0x0000000080b00000| Untracked 
|  12|0x0000000080c00000, 0x0000000080d00000, 0x0000000080d00000|100%| O|  |TAMS 0x0000000080d00000, 0x0000000080c00000| Untracked 
|  13|0x0000000080d00000, 0x0000000080e00000, 0x0000000080e00000|100%| O|  |TAMS 0x0000000080e00000, 0x0000000080d00000| Untracked 
|  14|0x0000000080e00000, 0x0000000080f00000, 0x0000000080f00000|100%| O|  |TAMS 0x0000000080f00000, 0x0000000080e00000| Untracked 
|  15|0x0000000080f00000, 0x0000000081000000, 0x0000000081000000|100%| O|  |TAMS 0x0000000081000000, 0x0000000080f00000| Untracked 
|  16|0x0000000081000000, 0x0000000081100000, 0x0000000081100000|100%| O|  |TAMS 0x0000000081100000, 0x0000000081000000| Untracked 
|  17|0x0000000081100000, 0x0000000081200000, 0x0000000081200000|100%| O|  |TAMS 0x0000000081200000, 0x0000000081100000| Untracked 
|  18|0x0000000081200000, 0x0000000081300000, 0x0000000081300000|100%| O|  |TAMS 0x0000000081300000, 0x0000000081200000| Untracked 
|  19|0x0000000081300000, 0x0000000081400000, 0x0000000081400000|100%| O|  |TAMS 0x0000000081400000, 0x0000000081300000| Untracked 
|  20|0x0000000081400000, 0x0000000081500000, 0x0000000081500000|100%| O|  |TAMS 0x0000000081500000, 0x0000000081400000| Untracked 
|  21|0x0000000081500000, 0x0000000081600000, 0x0000000081600000|100%| O|  |TAMS 0x0000000081600000, 0x0000000081500000| Untracked 
|  22|0x0000000081600000, 0x0000000081700000, 0x0000000081700000|100%| O|  |TAMS 0x0000000081700000, 0x0000000081600000| Untracked 
|  23|0x0000000081700000, 0x0000000081800000, 0x0000000081800000|100%| O|  |TAMS 0x0000000081800000, 0x0000000081700000| Untracked 
|  24|0x0000000081800000, 0x0000000081900000, 0x0000000081900000|100%| O|  |TAMS 0x0000000081900000, 0x0000000081800000| Untracked 
|  25|0x0000000081900000, 0x0000000081a00000, 0x0000000081a00000|100%| O|  |TAMS 0x0000000081a00000, 0x0000000081900000| Untracked 
|  26|0x0000000081a00000, 0x0000000081b00000, 0x0000000081b00000|100%| O|  |TAMS 0x0000000081b00000, 0x0000000081a00000| Untracked 
|  27|0x0000000081b00000, 0x0000000081c00000, 0x0000000081c00000|100%| O|  |TAMS 0x0000000081c00000, 0x0000000081b00000| Untracked 
|  28|0x0000000081c00000, 0x0000000081d00000, 0x0000000081d00000|100%| O|  |TAMS 0x0000000081d00000, 0x0000000081c00000| Untracked 
|  29|0x0000000081d00000, 0x0000000081e00000, 0x0000000081e00000|100%| O|  |TAMS 0x0000000081e00000, 0x0000000081d00000| Untracked 
|  30|0x0000000081e00000, 0x0000000081f00000, 0x0000000081f00000|100%| O|  |TAMS 0x0000000081f00000, 0x0000000081e00000| Untracked 
|  31|0x0000000081f00000, 0x0000000082000000, 0x0000000082000000|100%|HS|  |TAMS 0x0000000082000000, 0x0000000081f00000| Complete 
|  32|0x0000000082000000, 0x0000000082100000, 0x0000000082100000|100%|HS|  |TAMS 0x0000000082100000, 0x0000000082000000| Complete 
|  33|0x0000000082100000, 0x0000000082200000, 0x0000000082200000|100%|HS|  |TAMS 0x0000000082200000, 0x0000000082100000| Complete 
|  34|0x0000000082200000, 0x0000000082300000, 0x0000000082300000|100%|HC|  |TAMS 0x0000000082300000, 0x0000000082200000| Complete 
|  35|0x0000000082300000, 0x0000000082400000, 0x0000000082400000|100%|HS|  |TAMS 0x0000000082400000, 0x0000000082300000| Complete 
|  36|0x0000000082400000, 0x0000000082500000, 0x0000000082500000|100%|HS|  |TAMS 0x0000000082500000, 0x0000000082400000| Complete 
|  37|0x0000000082500000, 0x0000000082600000, 0x0000000082600000|100%|HC|  |TAMS 0x0000000082600000, 0x0000000082500000| Complete 
|  38|0x0000000082600000, 0x0000000082700000, 0x0000000082700000|100%|HC|  |TAMS 0x0000000082700000, 0x0000000082600000| Complete 
|  39|0x0000000082700000, 0x0000000082800000, 0x0000000082800000|100%|HC|  |TAMS 0x0000000082800000, 0x0000000082700000| Complete 
|  40|0x0000000082800000, 0x0000000082900000, 0x0000000082900000|100%| O|  |TAMS 0x0000000082900000, 0x0000000082800000| Untracked 
|  41|0x0000000082900000, 0x0000000082a00000, 0x0000000082a00000|100%| O|  |TAMS 0x0000000082a00000, 0x0000000082900000| Untracked 
|  42|0x0000000082a00000, 0x0000000082b00000, 0x0000000082b00000|100%| O|  |TAMS 0x0000000082b00000, 0x0000000082a00000| Untracked 
|  43|0x0000000082b00000, 0x0000000082c00000, 0x0000000082c00000|100%| O|  |TAMS 0x0000000082c00000, 0x0000000082b00000| Untracked 
|  44|0x0000000082c00000, 0x0000000082d00000, 0x0000000082d00000|100%| O|  |TAMS 0x0000000082d00000, 0x0000000082c00000| Untracked 
|  45|0x0000000082d00000, 0x0000000082e00000, 0x0000000082e00000|100%| O|  |TAMS 0x0000000082d00000, 0x0000000082d00000| Untracked 
|  46|0x0000000082e00000, 0x0000000082e00000, 0x0000000082f00000|  0%| F|  |TAMS 0x0000000082e00000, 0x0000000082e00000| Untracked 
|  47|0x0000000082f00000, 0x0000000083000000, 0x0000000083000000|100%| O|  |TAMS 0x0000000083000000, 0x0000000082f00000| Untracked 
|  48|0x0000000083000000, 0x0000000083100000, 0x0000000083100000|100%| O|  |TAMS 0x0000000083100000, 0x0000000083000000| Untracked 
|  49|0x0000000083100000, 0x0000000083200000, 0x0000000083200000|100%| O|  |TAMS 0x0000000083200000, 0x0000000083100000| Untracked 
|  50|0x0000000083200000, 0x0000000083300000, 0x0000000083300000|100%| O|  |TAMS 0x0000000083300000, 0x0000000083200000| Untracked 
|  51|0x0000000083300000, 0x0000000083400000, 0x0000000083400000|100%| O|  |TAMS 0x0000000083400000, 0x0000000083300000| Untracked 
|  52|0x0000000083400000, 0x0000000083500000, 0x0000000083500000|100%| O|  |TAMS 0x0000000083500000, 0x0000000083400000| Untracked 
|  53|0x0000000083500000, 0x0000000083600000, 0x0000000083600000|100%| O|  |TAMS 0x0000000083600000, 0x0000000083500000| Untracked 
|  54|0x0000000083600000, 0x0000000083700000, 0x0000000083700000|100%| O|  |TAMS 0x0000000083700000, 0x0000000083600000| Untracked 
|  55|0x0000000083700000, 0x0000000083800000, 0x0000000083800000|100%| O|  |TAMS 0x0000000083800000, 0x0000000083700000| Untracked 
|  56|0x0000000083800000, 0x0000000083900000, 0x0000000083900000|100%| O|  |TAMS 0x0000000083900000, 0x0000000083800000| Untracked 
|  57|0x0000000083900000, 0x0000000083a00000, 0x0000000083a00000|100%| O|  |TAMS 0x0000000083a00000, 0x0000000083900000| Untracked 
|  58|0x0000000083a00000, 0x0000000083b00000, 0x0000000083b00000|100%| O|  |TAMS 0x0000000083b00000, 0x0000000083a00000| Untracked 
|  59|0x0000000083b00000, 0x0000000083c00000, 0x0000000083c00000|100%| O|  |TAMS 0x0000000083c00000, 0x0000000083b00000| Untracked 
|  60|0x0000000083c00000, 0x0000000083d00000, 0x0000000083d00000|100%| O|  |TAMS 0x0000000083d00000, 0x0000000083c00000| Untracked 
|  61|0x0000000083d00000, 0x0000000083e00000, 0x0000000083e00000|100%| O|  |TAMS 0x0000000083e00000, 0x0000000083d00000| Untracked 
|  62|0x0000000083e00000, 0x0000000083f00000, 0x0000000083f00000|100%| O|  |TAMS 0x0000000083f00000, 0x0000000083e00000| Untracked 
|  63|0x0000000083f00000, 0x0000000084000000, 0x0000000084000000|100%| O|  |TAMS 0x0000000084000000, 0x0000000083f00000| Untracked 
|  64|0x0000000084000000, 0x0000000084100000, 0x0000000084100000|100%| O|  |TAMS 0x0000000084100000, 0x0000000084000000| Untracked 
|  65|0x0000000084100000, 0x0000000084200000, 0x0000000084200000|100%| O|  |TAMS 0x0000000084200000, 0x0000000084100000| Untracked 
|  66|0x0000000084200000, 0x0000000084300000, 0x0000000084300000|100%| O|  |TAMS 0x0000000084300000, 0x0000000084200000| Untracked 
|  67|0x0000000084300000, 0x0000000084400000, 0x0000000084400000|100%| O|  |TAMS 0x0000000084400000, 0x0000000084300000| Untracked 
|  68|0x0000000084400000, 0x0000000084500000, 0x0000000084500000|100%| O|  |TAMS 0x0000000084500000, 0x0000000084400000| Untracked 
|  69|0x0000000084500000, 0x0000000084600000, 0x0000000084600000|100%| O|  |TAMS 0x0000000084600000, 0x0000000084500000| Untracked 
|  70|0x0000000084600000, 0x0000000084700000, 0x0000000084700000|100%| O|  |TAMS 0x0000000084700000, 0x0000000084600000| Untracked 
|  71|0x0000000084700000, 0x0000000084800000, 0x0000000084800000|100%| O|  |TAMS 0x0000000084800000, 0x0000000084700000| Untracked 
|  72|0x0000000084800000, 0x0000000084900000, 0x0000000084900000|100%| O|  |TAMS 0x0000000084900000, 0x0000000084800000| Untracked 
|  73|0x0000000084900000, 0x0000000084a00000, 0x0000000084a00000|100%| O|  |TAMS 0x0000000084a00000, 0x0000000084900000| Untracked 
|  74|0x0000000084a00000, 0x0000000084b00000, 0x0000000084b00000|100%| O|  |TAMS 0x0000000084a72200, 0x0000000084a00000| Untracked 
|  75|0x0000000084b00000, 0x0000000084c00000, 0x0000000084c00000|100%| O|  |TAMS 0x0000000084b00000, 0x0000000084b00000| Untracked 
|  76|0x0000000084c00000, 0x0000000084d00000, 0x0000000084d00000|100%| O|  |TAMS 0x0000000084c00000, 0x0000000084c00000| Untracked 
|  77|0x0000000084d00000, 0x0000000084e00000, 0x0000000084e00000|100%| O|  |TAMS 0x0000000084d00000, 0x0000000084d00000| Untracked 
|  78|0x0000000084e00000, 0x0000000084f00000, 0x0000000084f00000|100%| O|  |TAMS 0x0000000084e00000, 0x0000000084e00000| Untracked 
|  79|0x0000000084f00000, 0x0000000085000000, 0x0000000085000000|100%| O|  |TAMS 0x0000000084f00000, 0x0000000084f00000| Untracked 
|  80|0x0000000085000000, 0x0000000085100000, 0x0000000085100000|100%| O|  |TAMS 0x0000000085000000, 0x0000000085000000| Untracked 
|  81|0x0000000085100000, 0x0000000085200000, 0x0000000085200000|100%| O|  |TAMS 0x0000000085100000, 0x0000000085100000| Untracked 
|  82|0x0000000085200000, 0x0000000085228e00, 0x0000000085300000| 15%| O|  |TAMS 0x0000000085200000, 0x0000000085200000| Untracked 
|  83|0x0000000085300000, 0x0000000085300000, 0x0000000085400000|  0%| F|  |TAMS 0x0000000085300000, 0x0000000085300000| Untracked 
|  84|0x0000000085400000, 0x0000000085400000, 0x0000000085500000|  0%| F|  |TAMS 0x0000000085400000, 0x0000000085400000| Untracked 
|  85|0x0000000085500000, 0x0000000085500000, 0x0000000085600000|  0%| F|  |TAMS 0x0000000085500000, 0x0000000085500000| Untracked 
|  86|0x0000000085600000, 0x0000000085600000, 0x0000000085700000|  0%| F|  |TAMS 0x0000000085600000, 0x0000000085600000| Untracked 
|  87|0x0000000085700000, 0x0000000085700000, 0x0000000085800000|  0%| F|  |TAMS 0x0000000085700000, 0x0000000085700000| Untracked 
|  88|0x0000000085800000, 0x0000000085800000, 0x0000000085900000|  0%| F|  |TAMS 0x0000000085800000, 0x0000000085800000| Untracked 
|  89|0x0000000085900000, 0x0000000085900000, 0x0000000085a00000|  0%| F|  |TAMS 0x0000000085900000, 0x0000000085900000| Untracked 
|  90|0x0000000085a00000, 0x0000000085a00000, 0x0000000085b00000|  0%| F|  |TAMS 0x0000000085a00000, 0x0000000085a00000| Untracked 
|  91|0x0000000085b00000, 0x0000000085b00000, 0x0000000085c00000|  0%| F|  |TAMS 0x0000000085b00000, 0x0000000085b00000| Untracked 
|  92|0x0000000085c00000, 0x0000000085c00000, 0x0000000085d00000|  0%| F|  |TAMS 0x0000000085c00000, 0x0000000085c00000| Untracked 
|  93|0x0000000085d00000, 0x0000000085d00000, 0x0000000085e00000|  0%| F|  |TAMS 0x0000000085d00000, 0x0000000085d00000| Untracked 
|  94|0x0000000085e00000, 0x0000000085e00000, 0x0000000085f00000|  0%| F|  |TAMS 0x0000000085e00000, 0x0000000085e00000| Untracked 
|  95|0x0000000085f00000, 0x0000000085f00000, 0x0000000086000000|  0%| F|  |TAMS 0x0000000085f00000, 0x0000000085f00000| Untracked 
|  96|0x0000000086000000, 0x0000000086000000, 0x0000000086100000|  0%| F|  |TAMS 0x0000000086000000, 0x0000000086000000| Untracked 
|  97|0x0000000086100000, 0x0000000086100000, 0x0000000086200000|  0%| F|  |TAMS 0x0000000086100000, 0x0000000086100000| Untracked 
|  98|0x0000000086200000, 0x0000000086200000, 0x0000000086300000|  0%| F|  |TAMS 0x0000000086200000, 0x0000000086200000| Untracked 
|  99|0x0000000086300000, 0x0000000086300000, 0x0000000086400000|  0%| F|  |TAMS 0x0000000086300000, 0x0000000086300000| Untracked 
| 100|0x0000000086400000, 0x0000000086400000, 0x0000000086500000|  0%| F|  |TAMS 0x0000000086400000, 0x0000000086400000| Untracked 
| 101|0x0000000086500000, 0x0000000086500000, 0x0000000086600000|  0%| F|  |TAMS 0x0000000086500000, 0x0000000086500000| Untracked 
| 102|0x0000000086600000, 0x0000000086600000, 0x0000000086700000|  0%| F|  |TAMS 0x0000000086600000, 0x0000000086600000| Untracked 
| 103|0x0000000086700000, 0x0000000086700000, 0x0000000086800000|  0%| F|  |TAMS 0x0000000086700000, 0x0000000086700000| Untracked 
| 104|0x0000000086800000, 0x0000000086800000, 0x0000000086900000|  0%| F|  |TAMS 0x0000000086800000, 0x0000000086800000| Untracked 
| 105|0x0000000086900000, 0x0000000086900000, 0x0000000086a00000|  0%| F|  |TAMS 0x0000000086900000, 0x0000000086900000| Untracked 
| 106|0x0000000086a00000, 0x0000000086a00000, 0x0000000086b00000|  0%| F|  |TAMS 0x0000000086a00000, 0x0000000086a00000| Untracked 
| 107|0x0000000086b00000, 0x0000000086b00000, 0x0000000086c00000|  0%| F|  |TAMS 0x0000000086b00000, 0x0000000086b00000| Untracked 
| 108|0x0000000086c00000, 0x0000000086c00000, 0x0000000086d00000|  0%| F|  |TAMS 0x0000000086c00000, 0x0000000086c00000| Untracked 
| 109|0x0000000086d00000, 0x0000000086d00000, 0x0000000086e00000|  0%| F|  |TAMS 0x0000000086d00000, 0x0000000086d00000| Untracked 
| 110|0x0000000086e00000, 0x0000000086e00000, 0x0000000086f00000|  0%| F|  |TAMS 0x0000000086e00000, 0x0000000086e00000| Untracked 
| 111|0x0000000086f00000, 0x0000000086f00000, 0x0000000087000000|  0%| F|  |TAMS 0x0000000086f00000, 0x0000000086f00000| Untracked 
| 112|0x0000000087000000, 0x0000000087000000, 0x0000000087100000|  0%| F|  |TAMS 0x0000000087000000, 0x0000000087000000| Untracked 
| 113|0x0000000087100000, 0x0000000087100000, 0x0000000087200000|  0%| F|  |TAMS 0x0000000087100000, 0x0000000087100000| Untracked 
| 114|0x0000000087200000, 0x0000000087200000, 0x0000000087300000|  0%| F|  |TAMS 0x0000000087200000, 0x0000000087200000| Untracked 
| 115|0x0000000087300000, 0x0000000087300000, 0x0000000087400000|  0%| F|  |TAMS 0x0000000087300000, 0x0000000087300000| Untracked 
| 116|0x0000000087400000, 0x0000000087400000, 0x0000000087500000|  0%| F|  |TAMS 0x0000000087400000, 0x0000000087400000| Untracked 
| 117|0x0000000087500000, 0x0000000087500000, 0x0000000087600000|  0%| F|  |TAMS 0x0000000087500000, 0x0000000087500000| Untracked 
| 118|0x0000000087600000, 0x0000000087600000, 0x0000000087700000|  0%| F|  |TAMS 0x0000000087600000, 0x0000000087600000| Untracked 
| 119|0x0000000087700000, 0x0000000087700000, 0x0000000087800000|  0%| F|  |TAMS 0x0000000087700000, 0x0000000087700000| Untracked 
| 120|0x0000000087800000, 0x0000000087800000, 0x0000000087900000|  0%| F|  |TAMS 0x0000000087800000, 0x0000000087800000| Untracked 
| 121|0x0000000087900000, 0x0000000087900000, 0x0000000087a00000|  0%| F|  |TAMS 0x0000000087900000, 0x0000000087900000| Untracked 
| 122|0x0000000087a00000, 0x0000000087a00000, 0x0000000087b00000|  0%| F|  |TAMS 0x0000000087a00000, 0x0000000087a00000| Untracked 
| 123|0x0000000087b00000, 0x0000000087b00000, 0x0000000087c00000|  0%| F|  |TAMS 0x0000000087b00000, 0x0000000087b00000| Untracked 
| 124|0x0000000087c00000, 0x0000000087c00000, 0x0000000087d00000|  0%| F|  |TAMS 0x0000000087c00000, 0x0000000087c00000| Untracked 
| 125|0x0000000087d00000, 0x0000000087d00000, 0x0000000087e00000|  0%| F|  |TAMS 0x0000000087d00000, 0x0000000087d00000| Untracked 
| 126|0x0000000087e00000, 0x0000000087e00000, 0x0000000087f00000|  0%| F|  |TAMS 0x0000000087e00000, 0x0000000087e00000| Untracked 
| 127|0x0000000087f00000, 0x0000000087f00000, 0x0000000088000000|  0%| F|  |TAMS 0x0000000087f00000, 0x0000000087f00000| Untracked 
| 128|0x0000000088000000, 0x0000000088000000, 0x0000000088100000|  0%| F|  |TAMS 0x0000000088000000, 0x0000000088000000| Untracked 
| 129|0x0000000088100000, 0x0000000088100000, 0x0000000088200000|  0%| F|  |TAMS 0x0000000088100000, 0x0000000088100000| Untracked 
| 130|0x0000000088200000, 0x0000000088200000, 0x0000000088300000|  0%| F|  |TAMS 0x0000000088200000, 0x0000000088200000| Untracked 
| 131|0x0000000088300000, 0x0000000088300000, 0x0000000088400000|  0%| F|  |TAMS 0x0000000088300000, 0x0000000088300000| Untracked 
| 132|0x0000000088400000, 0x0000000088400000, 0x0000000088500000|  0%| F|  |TAMS 0x0000000088400000, 0x0000000088400000| Untracked 
| 133|0x0000000088500000, 0x0000000088500000, 0x0000000088600000|  0%| F|  |TAMS 0x0000000088500000, 0x0000000088500000| Untracked 
| 134|0x0000000088600000, 0x0000000088600000, 0x0000000088700000|  0%| F|  |TAMS 0x0000000088600000, 0x0000000088600000| Untracked 
| 135|0x0000000088700000, 0x0000000088700000, 0x0000000088800000|  0%| F|  |TAMS 0x0000000088700000, 0x0000000088700000| Untracked 
| 136|0x0000000088800000, 0x0000000088800000, 0x0000000088900000|  0%| F|  |TAMS 0x0000000088800000, 0x0000000088800000| Untracked 
| 137|0x0000000088900000, 0x00000000889d34f0, 0x0000000088a00000| 82%| S|CS|TAMS 0x0000000088900000, 0x0000000088900000| Complete 
| 138|0x0000000088a00000, 0x0000000088a00000, 0x0000000088b00000|  0%| F|  |TAMS 0x0000000088a00000, 0x0000000088a00000| Untracked 
| 139|0x0000000088b00000, 0x0000000088b00000, 0x0000000088c00000|  0%| F|  |TAMS 0x0000000088b00000, 0x0000000088b00000| Untracked 
|2047|0x00000000fff00000, 0x0000000100000000, 0x0000000100000000|100%| O|  |TAMS 0x0000000100000000, 0x00000000fff00000| Untracked 

Card table byte_map: [0x000002667adf0000,0x000002667b1f0000] _byte_map_base: 0x000002667a9f0000

Marking Bits (Prev, Next): (CMBitMap*) 0x0000026677034a60, (CMBitMap*) 0x0000026677034aa0
 Prev Bits: [0x000002667b5f0000, 0x000002667d5f0000)
 Next Bits: [0x000002667d5f0000, 0x000002667f5f0000)

Polling page: 0x0000026674fc0000

Metaspace:

Usage:
  Non-class:     79.55 MB used.
      Class:     12.51 MB used.
       Both:     92.06 MB used.

Virtual space:
  Non-class space:       88.00 MB reserved,      79.88 MB ( 91%) committed,  11 nodes.
      Class space:        1.00 GB reserved,      12.81 MB (  1%) committed,  1 nodes.
             Both:        1.09 GB reserved,      92.69 MB (  8%) committed. 

Chunk freelists:
   Non-Class:  3.91 MB
       Class:  3.23 MB
        Both:  7.14 MB

MaxMetaspaceSize: unlimited
CompressedClassSpaceSize: 1.00 GB
Initial GC threshold: 21.00 MB
Current GC threshold: 153.06 MB
CDS: off
MetaspaceReclaimPolicy: balanced
 - commit_granule_bytes: 65536.
 - commit_granule_words: 8192.
 - virtual_space_node_default_size: 1048576.
 - enlarge_chunks_in_place: 1.
 - new_chunks_are_fully_committed: 0.
 - uncommit_free_chunks: 1.
 - use_allocation_guard: 0.
 - handle_deallocations: 1.


Internal statistics:

num_allocs_failed_limit: 9.
num_arena_births: 930.
num_arena_deaths: 0.
num_vsnodes_births: 12.
num_vsnodes_deaths: 0.
num_space_committed: 1483.
num_space_uncommitted: 0.
num_chunks_returned_to_freelist: 9.
num_chunks_taken_from_freelist: 4322.
num_chunk_merges: 9.
num_chunk_splits: 2928.
num_chunks_enlarged: 2022.
num_purges: 0.
num_inconsistent_stats: 0.

CodeHeap 'non-profiled nmethods': size=120000Kb used=4983Kb max_used=4983Kb free=115016Kb
 bounds [0x0000026607ad0000, 0x0000026607fb0000, 0x000002660f000000]
CodeHeap 'profiled nmethods': size=120000Kb used=17149Kb max_used=17149Kb free=102850Kb
 bounds [0x0000026600000000, 0x00000266010c0000, 0x0000026607530000]
CodeHeap 'non-nmethods': size=5760Kb used=2384Kb max_used=2431Kb free=3375Kb
 bounds [0x0000026607530000, 0x00000266077a0000, 0x0000026607ad0000]
 total_blobs=9707 nmethods=8787 adapters=832
 compilation: enabled
              stopped_count=0, restarted_count=0
 full_count=0

Compilation events (20 events):
Event: 14.370 Thread 0x0000026611c32da0 9709       1       java.beans.GenericBeanInfo::getEventSetDescriptors (5 bytes)
Event: 14.370 Thread 0x0000026611c32da0 nmethod 9709 0x0000026607fad910 code [0x0000026607fadaa0, 0x0000026607fadb78]
Event: 14.370 Thread 0x0000026611c32da0 9710       1       java.beans.GenericBeanInfo::getPropertyDescriptors (5 bytes)
Event: 14.370 Thread 0x0000026611c32da0 nmethod 9710 0x0000026607fadc10 code [0x0000026607fadda0, 0x0000026607fade78]
Event: 14.377 Thread 0x0000026611c32da0 9712 %     3       java.lang.Class::privateGetPublicMethods @ 165 (224 bytes)
Event: 14.384 Thread 0x0000026611c32da0 nmethod 9712% 0x00000266010ba710 code [0x00000266010ba9e0, 0x00000266010bb918]
Event: 14.384 Thread 0x0000026611c32da0 9713   !   3       jdk.proxy1.$Proxy78::annotationType (29 bytes)
Event: 14.385 Thread 0x0000026611c32da0 nmethod 9713 0x00000266010bc090 code [0x00000266010bc260, 0x00000266010bc638]
Event: 14.389 Thread 0x0000026611c32da0 9714       3       java.util.stream.AbstractPipeline::evaluate (44 bytes)
Event: 14.389 Thread 0x0000026611c32da0 nmethod 9714 0x00000266010bc810 code [0x00000266010bca60, 0x00000266010bd328]
Event: 14.389 Thread 0x0000026611c32da0 9715       3       java.util.stream.ReferencePipeline::makeNodeBuilder (6 bytes)
Event: 14.389 Thread 0x0000026611c32da0 nmethod 9715 0x00000266010bd610 code [0x00000266010bd7a0, 0x00000266010bd8e8]
Event: 14.389 Thread 0x0000026611c32da0 9716       3       java.util.stream.Nodes::builder (30 bytes)
Event: 14.389 Thread 0x0000026611c32da0 nmethod 9716 0x00000266010bd990 code [0x00000266010bdb80, 0x00000266010be188]
Event: 14.389 Thread 0x0000026611c32da0 9717       3       java.util.stream.Nodes::builder (8 bytes)
Event: 14.390 Thread 0x0000026611c32da0 nmethod 9717 0x00000266010be390 code [0x00000266010be540, 0x00000266010be918]
Event: 14.390 Thread 0x0000026611c32da0 9718       3       java.util.stream.Nodes$SpinedNodeBuilder::<init> (10 bytes)
Event: 14.390 Thread 0x0000026611c32da0 nmethod 9718 0x00000266010bea90 code [0x00000266010bec40, 0x00000266010bef78]
Event: 14.390 Thread 0x0000026611c32da0 9719       3       java.util.stream.Nodes$SpinedNodeBuilder::begin (38 bytes)
Event: 14.390 Thread 0x0000026611c32da0 nmethod 9719 0x00000266010bf090 code [0x00000266010bf240, 0x00000266010bf458]

GC Heap History (20 events):
Event: 11.604 GC heap after
{Heap after GC invocations=23 (full 0):
 garbage-first heap   total 119808K, used 62210K [0x0000000080000000, 0x0000000100000000)
  region size 1024K, 3 young (3072K), 3 survivors (3072K)
 Metaspace       used 69642K, committed 70144K, reserved 1114112K
  class space    used 9184K, committed 9408K, reserved 1048576K
}
Event: 11.958 GC heap before
{Heap before GC invocations=24 (full 0):
 garbage-first heap   total 119808K, used 93954K [0x0000000080000000, 0x0000000100000000)
  region size 1024K, 34 young (34816K), 3 survivors (3072K)
 Metaspace       used 72830K, committed 73344K, reserved 1114112K
  class space    used 9631K, committed 9856K, reserved 1048576K
}
Event: 11.961 GC heap after
{Heap after GC invocations=25 (full 0):
 garbage-first heap   total 119808K, used 63880K [0x0000000080000000, 0x0000000100000000)
  region size 1024K, 5 young (5120K), 5 survivors (5120K)
 Metaspace       used 72830K, committed 73344K, reserved 1114112K
  class space    used 9631K, committed 9856K, reserved 1048576K
}
Event: 12.240 GC heap before
{Heap before GC invocations=25 (full 0):
 garbage-first heap   total 119808K, used 93576K [0x0000000080000000, 0x0000000100000000)
  region size 1024K, 35 young (35840K), 5 survivors (5120K)
 Metaspace       used 76410K, committed 77056K, reserved 1122304K
  class space    used 10092K, committed 10368K, reserved 1048576K
}
Event: 12.245 GC heap after
{Heap after GC invocations=26 (full 0):
 garbage-first heap   total 144384K, used 67370K [0x0000000080000000, 0x0000000100000000)
  region size 1024K, 5 young (5120K), 5 survivors (5120K)
 Metaspace       used 76410K, committed 77056K, reserved 1122304K
  class space    used 10092K, committed 10368K, reserved 1048576K
}
Event: 12.670 GC heap before
{Heap before GC invocations=27 (full 0):
 garbage-first heap   total 144384K, used 111402K [0x0000000080000000, 0x0000000100000000)
  region size 1024K, 48 young (49152K), 5 survivors (5120K)
 Metaspace       used 79073K, committed 79680K, reserved 1122304K
  class space    used 10454K, committed 10752K, reserved 1048576K
}
Event: 12.675 GC heap after
{Heap after GC invocations=28 (full 0):
 garbage-first heap   total 144384K, used 70743K [0x0000000080000000, 0x0000000100000000)
  region size 1024K, 5 young (5120K), 5 survivors (5120K)
 Metaspace       used 79073K, committed 79680K, reserved 1122304K
  class space    used 10454K, committed 10752K, reserved 1048576K
}
Event: 12.700 GC heap before
{Heap before GC invocations=28 (full 0):
 garbage-first heap   total 144384K, used 72791K [0x0000000080000000, 0x0000000100000000)
  region size 1024K, 7 young (7168K), 5 survivors (5120K)
 Metaspace       used 79244K, committed 79808K, reserved 1122304K
  class space    used 10470K, committed 10752K, reserved 1048576K
}
Event: 12.703 GC heap after
{Heap after GC invocations=29 (full 0):
 garbage-first heap   total 144384K, used 71680K [0x0000000080000000, 0x0000000100000000)
  region size 1024K, 1 young (1024K), 1 survivors (1024K)
 Metaspace       used 79244K, committed 79808K, reserved 1122304K
  class space    used 10470K, committed 10752K, reserved 1048576K
}
Event: 13.123 GC heap before
{Heap before GC invocations=29 (full 0):
 garbage-first heap   total 144384K, used 113664K [0x0000000080000000, 0x0000000100000000)
  region size 1024K, 42 young (43008K), 1 survivors (1024K)
 Metaspace       used 84150K, committed 84736K, reserved 1130496K
  class space    used 11349K, committed 11584K, reserved 1048576K
}
Event: 13.126 GC heap after
{Heap after GC invocations=30 (full 0):
 garbage-first heap   total 144384K, used 73656K [0x0000000080000000, 0x0000000100000000)
  region size 1024K, 3 young (3072K), 3 survivors (3072K)
 Metaspace       used 84150K, committed 84736K, reserved 1130496K
  class space    used 11349K, committed 11584K, reserved 1048576K
}
Event: 13.679 GC heap before
{Heap before GC invocations=31 (full 0):
 garbage-first heap   total 144384K, used 115640K [0x0000000080000000, 0x0000000100000000)
  region size 1024K, 44 young (45056K), 3 survivors (3072K)
 Metaspace       used 88217K, committed 88832K, reserved 1130496K
  class space    used 11956K, committed 12224K, reserved 1048576K
}
Event: 13.685 GC heap after
{Heap after GC invocations=32 (full 0):
 garbage-first heap   total 144384K, used 76995K [0x0000000080000000, 0x0000000100000000)
  region size 1024K, 6 young (6144K), 6 survivors (6144K)
 Metaspace       used 88217K, committed 88832K, reserved 1130496K
  class space    used 11956K, committed 12224K, reserved 1048576K
}
Event: 13.698 GC heap before
{Heap before GC invocations=32 (full 0):
 garbage-first heap   total 144384K, used 76995K [0x0000000080000000, 0x0000000100000000)
  region size 1024K, 7 young (7168K), 6 survivors (6144K)
 Metaspace       used 88355K, committed 88896K, reserved 1130496K
  class space    used 11979K, committed 12224K, reserved 1048576K
}
Event: 13.702 GC heap after
{Heap after GC invocations=33 (full 0):
 garbage-first heap   total 144384K, used 77230K [0x0000000080000000, 0x0000000100000000)
  region size 1024K, 1 young (1024K), 1 survivors (1024K)
 Metaspace       used 88355K, committed 88896K, reserved 1130496K
  class space    used 11979K, committed 12224K, reserved 1048576K
}
Event: 14.131 GC heap before
{Heap before GC invocations=33 (full 0):
 garbage-first heap   total 144384K, used 116142K [0x0000000080000000, 0x0000000100000000)
  region size 1024K, 39 young (39936K), 1 survivors (1024K)
 Metaspace       used 93119K, committed 93760K, reserved 1130496K
  class space    used 12648K, committed 12928K, reserved 1048576K
}
Event: 14.135 GC heap after
{Heap after GC invocations=34 (full 0):
 garbage-first heap   total 144384K, used 79736K [0x0000000080000000, 0x0000000100000000)
  region size 1024K, 4 young (4096K), 4 survivors (4096K)
 Metaspace       used 93119K, committed 93760K, reserved 1130496K
  class space    used 12648K, committed 12928K, reserved 1048576K
}
Event: 14.377 GC heap before
{Heap before GC invocations=35 (full 0):
 garbage-first heap   total 144384K, used 116600K [0x0000000080000000, 0x0000000100000000)
  region size 1024K, 40 young (40960K), 4 survivors (4096K)
 Metaspace       used 94237K, committed 94912K, reserved 1138688K
  class space    used 12803K, committed 13120K, reserved 1048576K
}
Event: 14.384 GC heap after
{Heap after GC invocations=36 (full 0):
 garbage-first heap   total 144384K, used 84691K [0x0000000080000000, 0x0000000100000000)
  region size 1024K, 5 young (5120K), 5 survivors (5120K)
 Metaspace       used 94237K, committed 94912K, reserved 1138688K
  class space    used 12803K, committed 13120K, reserved 1048576K
}
Event: 14.394 GC heap before
{Heap before GC invocations=36 (full 0):
 garbage-first heap   total 144384K, used 86739K [0x0000000080000000, 0x0000000100000000)
  region size 1024K, 7 young (7168K), 5 survivors (5120K)
 Metaspace       used 94267K, committed 94912K, reserved 1138688K
  class space    used 12805K, committed 13120K, reserved 1048576K
}

Dll operation events (2 events):
Event: 0.031 Loaded shared library C:\Program Files\Android\Android Studio1\jbr\bin\java.dll
Event: 0.583 Loaded shared library C:\Program Files\Android\Android Studio1\jbr\bin\verify.dll

Deoptimization events (20 events):
Event: 14.163 Thread 0x0000026612158580 Uncommon trap: trap_request=0xffffff45 fr.pc=0x0000026607ae6e98 relative=0x00000000000006b8
Event: 14.163 Thread 0x0000026612158580 Uncommon trap: reason=unstable_if action=reinterpret pc=0x0000026607ae6e98 method=java.util.HashMap.putVal(ILjava/lang/Object;Ljava/lang/Object;ZZ)Ljava/lang/Object; @ 109 c2
Event: 14.163 Thread 0x0000026612158580 DEOPT PACKING pc=0x0000026607ae6e98 sp=0x000000af9f5f8eb0
Event: 14.163 Thread 0x0000026612158580 DEOPT UNPACKING pc=0x00000266075869a3 sp=0x000000af9f5f8e68 mode 2
Event: 14.253 Thread 0x0000026612158580 Uncommon trap: trap_request=0xffffff45 fr.pc=0x0000026607da5048 relative=0x0000000000000608
Event: 14.253 Thread 0x0000026612158580 Uncommon trap: reason=unstable_if action=reinterpret pc=0x0000026607da5048 method=java.util.HashMap$HashIterator.<init>(Ljava/util/HashMap;)V @ 45 c2
Event: 14.253 Thread 0x0000026612158580 DEOPT PACKING pc=0x0000026607da5048 sp=0x000000af9f5fbc80
Event: 14.253 Thread 0x0000026612158580 DEOPT UNPACKING pc=0x00000266075869a3 sp=0x000000af9f5fbb10 mode 2
Event: 14.310 Thread 0x0000026612158580 Uncommon trap: trap_request=0xffffff45 fr.pc=0x0000026607bfd46c relative=0x00000000000011ac
Event: 14.310 Thread 0x0000026612158580 Uncommon trap: reason=unstable_if action=reinterpret pc=0x0000026607bfd46c method=java.lang.ClassLoader.checkCerts(Ljava/lang/String;Ljava/security/CodeSource;)V @ 30 c2
Event: 14.310 Thread 0x0000026612158580 DEOPT PACKING pc=0x0000026607bfd46c sp=0x000000af9f5f7820
Event: 14.310 Thread 0x0000026612158580 DEOPT UNPACKING pc=0x00000266075869a3 sp=0x000000af9f5f7798 mode 2
Event: 14.310 Thread 0x0000026612158580 Uncommon trap: trap_request=0xffffff45 fr.pc=0x0000026607bffd64 relative=0x0000000000000da4
Event: 14.310 Thread 0x0000026612158580 Uncommon trap: reason=unstable_if action=reinterpret pc=0x0000026607bffd64 method=java.lang.ClassLoader.postDefineClass(Ljava/lang/Class;Ljava/security/ProtectionDomain;)V @ 17 c2
Event: 14.310 Thread 0x0000026612158580 DEOPT PACKING pc=0x0000026607bffd64 sp=0x000000af9f5f7830
Event: 14.310 Thread 0x0000026612158580 DEOPT UNPACKING pc=0x00000266075869a3 sp=0x000000af9f5f7820 mode 2
Event: 14.310 Thread 0x0000026612158580 Uncommon trap: trap_request=0xffffff45 fr.pc=0x0000026607d4ad28 relative=0x0000000000005508
Event: 14.310 Thread 0x0000026612158580 Uncommon trap: reason=unstable_if action=reinterpret pc=0x0000026607d4ad28 method=java.lang.ClassLoader.loadClass(Ljava/lang/String;Z)Ljava/lang/Class; @ 29 c2
Event: 14.310 Thread 0x0000026612158580 DEOPT PACKING pc=0x0000026607d4ad28 sp=0x000000af9f5f3830
Event: 14.310 Thread 0x0000026612158580 DEOPT UNPACKING pc=0x00000266075869a3 sp=0x000000af9f5f38d8 mode 2

Classes unloaded (0 events):
No events

Classes redefined (0 events):
No events

Internal exceptions (20 events):
Event: 14.354 Thread 0x0000026612158580 Exception <a 'java/lang/ClassNotFoundException'{0x0000000086d1a4e0}: com/android/build/gradle/tasks/ManifestProcessorTaskCustomizer> (0x0000000086d1a4e0) 
thrown [s\src\hotspot\share\classfile\systemDictionary.cpp, line 256]
Event: 14.354 Thread 0x0000026612158580 Exception <a 'java/lang/ClassNotFoundException'{0x0000000086d37610}: com/android/build/gradle/tasks/ProcessApplicationManifestCustomizer> (0x0000000086d37610) 
thrown [s\src\hotspot\share\classfile\systemDictionary.cpp, line 256]
Event: 14.355 Thread 0x0000026612158580 Exception <a 'java/lang/ClassNotFoundException'{0x0000000086d86328}: com/android/build/gradle/tasks/ProcessApplicationManifest_DecoratedCustomizer> (0x0000000086d86328) 
thrown [s\src\hotspot\share\classfile\systemDictionary.cpp, line 256]
Event: 14.359 Thread 0x0000026612158580 Exception <a 'java/lang/ClassNotFoundException'{0x0000000086c6d1c0}: com/android/build/gradle/tasks/ProcessMultiApkApplicationManifest_DecoratedBeanInfo> (0x0000000086c6d1c0) 
thrown [s\src\hotspot\share\classfile\systemDictionary.cpp, line 256]
Event: 14.359 Thread 0x0000026612158580 Exception <a 'java/lang/ClassNotFoundException'{0x0000000086c79908}: com/android/build/gradle/tasks/ProcessMultiApkApplicationManifestBeanInfo> (0x0000000086c79908) 
thrown [s\src\hotspot\share\classfile\systemDictionary.cpp, line 256]
Event: 14.359 Thread 0x0000026612158580 Exception <a 'java/lang/ClassNotFoundException'{0x0000000086c86008}: com/android/build/gradle/tasks/ProcessMultiApkApplicationManifestCustomizer> (0x0000000086c86008) 
thrown [s\src\hotspot\share\classfile\systemDictionary.cpp, line 256]
Event: 14.360 Thread 0x0000026612158580 Exception <a 'java/lang/ClassNotFoundException'{0x0000000086caa8a0}: com/android/build/gradle/tasks/ProcessMultiApkApplicationManifest_DecoratedCustomizer> (0x0000000086caa8a0) 
thrown [s\src\hotspot\share\classfile\systemDictionary.cpp, line 256]
Event: 14.364 Thread 0x0000026612158580 Exception <a 'java/lang/ClassNotFoundException'{0x0000000086b55d70}: com/android/build/gradle/tasks/ProcessPackagedManifestTask_DecoratedBeanInfo> (0x0000000086b55d70) 
thrown [s\src\hotspot\share\classfile\systemDictionary.cpp, line 256]
Event: 14.364 Thread 0x0000026612158580 Exception <a 'java/lang/ClassNotFoundException'{0x0000000086b62360}: com/android/build/gradle/tasks/ProcessPackagedManifestTaskBeanInfo> (0x0000000086b62360) 
thrown [s\src\hotspot\share\classfile\systemDictionary.cpp, line 256]
Event: 14.364 Thread 0x0000026612158580 Exception <a 'java/lang/ClassNotFoundException'{0x0000000086b6e690}: com/android/build/gradle/tasks/ProcessPackagedManifestTaskCustomizer> (0x0000000086b6e690) 
thrown [s\src\hotspot\share\classfile\systemDictionary.cpp, line 256]
Event: 14.365 Thread 0x0000026612158580 Exception <a 'java/lang/ClassNotFoundException'{0x0000000086b91ef0}: com/android/build/gradle/tasks/ProcessPackagedManifestTask_DecoratedCustomizer> (0x0000000086b91ef0) 
thrown [s\src\hotspot\share\classfile\systemDictionary.cpp, line 256]
Event: 14.367 Thread 0x0000026612158580 Exception <a 'java/lang/ClassNotFoundException'{0x0000000086a913f0}: com/android/build/gradle/internal/res/LinkApplicationAndroidResourcesTask_DecoratedBeanInfo> (0x0000000086a913f0) 
thrown [s\src\hotspot\share\classfile\systemDictionary.cpp, line 256]
Event: 14.368 Thread 0x0000026612158580 Exception <a 'java/lang/ClassNotFoundException'{0x0000000086a9dda0}: com/android/build/gradle/internal/res/LinkApplicationAndroidResourcesTaskBeanInfo> (0x0000000086a9dda0) 
thrown [s\src\hotspot\share\classfile\systemDictionary.cpp, line 256]
Event: 14.368 Thread 0x0000026612158580 Exception <a 'java/lang/ClassNotFoundException'{0x0000000086aaafd0}: com/android/build/gradle/tasks/ProcessAndroidResourcesBeanInfo> (0x0000000086aaafd0) 
thrown [s\src\hotspot\share\classfile\systemDictionary.cpp, line 256]
Event: 14.368 Thread 0x0000026612158580 Exception <a 'java/lang/ClassNotFoundException'{0x0000000086ab7530}: com/android/build/gradle/tasks/ProcessAndroidResourcesCustomizer> (0x0000000086ab7530) 
thrown [s\src\hotspot\share\classfile\systemDictionary.cpp, line 256]
Event: 14.369 Thread 0x0000026612158580 Exception <a 'java/lang/ClassNotFoundException'{0x0000000086ad4a40}: com/android/build/gradle/internal/res/LinkApplicationAndroidResourcesTaskCustomizer> (0x0000000086ad4a40) 
thrown [s\src\hotspot\share\classfile\systemDictionary.cpp, line 256]
Event: 14.370 Thread 0x0000026612158580 Exception <a 'java/lang/ClassNotFoundException'{0x00000000869386b0}: com/android/build/gradle/internal/res/LinkApplicationAndroidResourcesTask_DecoratedCustomizer> (0x00000000869386b0) 
thrown [s\src\hotspot\share\classfile\systemDictionary.cpp, line 256]
Event: 14.394 Thread 0x0000026612158580 Exception <a 'java/lang/ClassNotFoundException'{0x0000000088adcb08}: org/jetbrains/kotlin/gradle/tasks/KotlinCompile_DecoratedBeanInfo> (0x0000000088adcb08) 
thrown [s\src\hotspot\share\classfile\systemDictionary.cpp, line 256]
Event: 14.394 Thread 0x0000026612158580 Exception <a 'java/lang/ClassNotFoundException'{0x0000000088ae92d0}: org/jetbrains/kotlin/gradle/tasks/KotlinCompileBeanInfo> (0x0000000088ae92d0) 
thrown [s\src\hotspot\share\classfile\systemDictionary.cpp, line 256]
Event: 14.394 Thread 0x0000026612158580 Exception <a 'java/lang/ClassNotFoundException'{0x0000000088af6b70}: org/jetbrains/kotlin/gradle/tasks/AbstractKotlinCompileBeanInfo> (0x0000000088af6b70) 
thrown [s\src\hotspot\share\classfile\systemDictionary.cpp, line 256]

VM Operations (20 events):
Event: 13.702 Executing VM operation: G1CollectForAllocation done
Event: 13.871 Executing VM operation: HandshakeAllThreads
Event: 13.871 Executing VM operation: HandshakeAllThreads done
Event: 13.904 Executing VM operation: HandshakeAllThreads
Event: 13.904 Executing VM operation: HandshakeAllThreads done
Event: 13.915 Executing VM operation: HandshakeAllThreads
Event: 13.916 Executing VM operation: HandshakeAllThreads done
Event: 14.038 Executing VM operation: ICBufferFull
Event: 14.038 Executing VM operation: ICBufferFull done
Event: 14.107 Executing VM operation: HandshakeAllThreads
Event: 14.107 Executing VM operation: HandshakeAllThreads done
Event: 14.131 Executing VM operation: G1CollectForAllocation
Event: 14.135 Executing VM operation: G1CollectForAllocation done
Event: 14.171 Executing VM operation: G1Concurrent
Event: 14.175 Executing VM operation: G1Concurrent done
Event: 14.189 Executing VM operation: G1Concurrent
Event: 14.190 Executing VM operation: G1Concurrent done
Event: 14.377 Executing VM operation: G1CollectForAllocation
Event: 14.384 Executing VM operation: G1CollectForAllocation done
Event: 14.394 Executing VM operation: G1CollectForAllocation

Events (20 events):
Event: 13.992 loading class java/net/InetAddress$CachedLocalHost
Event: 13.992 loading class java/net/InetAddress$CachedLocalHost done
Event: 14.264 loading class java/util/AbstractCollectionBeanInfo
Event: 14.264 loading class java/util/AbstractCollectionBeanInfo done
Event: 14.264 loading class java/util/AbstractCollectionBeanInfo
Event: 14.264 loading class java/util/AbstractCollectionBeanInfo done
Event: 14.264 loading class java/util/AbstractCollectionCustomizer
Event: 14.264 loading class java/util/AbstractCollectionCustomizer done
Event: 14.264 loading class java/util/AbstractCollectionCustomizer
Event: 14.264 loading class java/util/AbstractCollectionCustomizer done
Event: 14.264 loading class sun/reflect/generics/reflectiveObjects/GenericArrayTypeImpl
Event: 14.264 loading class sun/reflect/generics/reflectiveObjects/GenericArrayTypeImpl done
Event: 14.305 loading class java/lang/ClassBeanInfo
Event: 14.305 loading class java/lang/ClassBeanInfo done
Event: 14.305 loading class java/lang/ClassBeanInfo
Event: 14.305 loading class java/lang/ClassBeanInfo done
Event: 14.305 loading class java/lang/ClassCustomizer
Event: 14.305 loading class java/lang/ClassCustomizer done
Event: 14.305 loading class java/lang/ClassCustomizer
Event: 14.305 loading class java/lang/ClassCustomizer done


Dynamic libraries:
0x00007ff646a20000 - 0x00007ff646a2a000 	C:\Program Files\Android\Android Studio1\jbr\bin\java.exe
0x00007ffcaafb0000 - 0x00007ffcab1c7000 	C:\WINDOWS\SYSTEM32\ntdll.dll
0x00007ffca9b30000 - 0x00007ffca9bf4000 	C:\WINDOWS\System32\KERNEL32.DLL
0x00007ffca88f0000 - 0x00007ffca8c96000 	C:\WINDOWS\System32\KERNELBASE.dll
0x00007ffca8330000 - 0x00007ffca8441000 	C:\WINDOWS\System32\ucrtbase.dll
0x00007ffc6ac20000 - 0x00007ffc6ac37000 	C:\Program Files\Android\Android Studio1\jbr\bin\jli.dll
0x00007ffc7f820000 - 0x00007ffc7f83b000 	C:\Program Files\Android\Android Studio1\jbr\bin\VCRUNTIME140.dll
0x00007ffca9960000 - 0x00007ffca9b0d000 	C:\WINDOWS\System32\USER32.dll
0x00007ffca8840000 - 0x00007ffca8866000 	C:\WINDOWS\System32\win32u.dll
0x00007ffca9c30000 - 0x00007ffca9c59000 	C:\WINDOWS\System32\GDI32.dll
0x00007ffca84f0000 - 0x00007ffca8608000 	C:\WINDOWS\System32\gdi32full.dll
0x00007ffc8ee10000 - 0x00007ffc8f0a3000 	C:\WINDOWS\WinSxS\amd64_microsoft.windows.common-controls_6595b64144ccf1df_6.0.22621.2361_none_2712ced57382f843\COMCTL32.dll
0x00007ffca8450000 - 0x00007ffca84ea000 	C:\WINDOWS\System32\msvcp_win.dll
0x00007ffca9850000 - 0x00007ffca98f7000 	C:\WINDOWS\System32\msvcrt.dll
0x00007ffca9040000 - 0x00007ffca9071000 	C:\WINDOWS\System32\IMM32.DLL
0x00007ffc95d30000 - 0x00007ffc95d3c000 	C:\Program Files\Android\Android Studio1\jbr\bin\vcruntime140_1.dll
0x00007ffc64940000 - 0x00007ffc649cd000 	C:\Program Files\Android\Android Studio1\jbr\bin\msvcp140.dll
0x00007ffbebb90000 - 0x00007ffbec7fe000 	C:\Program Files\Android\Android Studio1\jbr\bin\server\jvm.dll
0x00007ffca9250000 - 0x00007ffca9300000 	C:\WINDOWS\System32\ADVAPI32.dll
0x00007ffca97a0000 - 0x00007ffca9846000 	C:\WINDOWS\System32\sechost.dll
0x00007ffca9670000 - 0x00007ffca9787000 	C:\WINDOWS\System32\RPCRT4.dll
0x00007ffca3710000 - 0x00007ffca3719000 	C:\WINDOWS\SYSTEM32\WSOCK32.dll
0x00007ffc9f760000 - 0x00007ffc9f794000 	C:\WINDOWS\SYSTEM32\WINMM.dll
0x00007ffc9f5e0000 - 0x00007ffc9f5ea000 	C:\WINDOWS\SYSTEM32\VERSION.dll
0x00007ffcaa510000 - 0x00007ffcaa581000 	C:\WINDOWS\System32\WS2_32.dll
0x00007ffca7310000 - 0x00007ffca7328000 	C:\WINDOWS\SYSTEM32\kernel.appcore.dll
0x00007ffca28e0000 - 0x00007ffca28ea000 	C:\Program Files\Android\Android Studio1\jbr\bin\jimage.dll
0x00007ffc94580000 - 0x00007ffc947ae000 	C:\WINDOWS\SYSTEM32\DBGHELP.DLL
0x00007ffcaabe0000 - 0x00007ffcaaf6a000 	C:\WINDOWS\System32\combase.dll
0x00007ffca9170000 - 0x00007ffca9247000 	C:\WINDOWS\System32\OLEAUT32.dll
0x00007ffc89c90000 - 0x00007ffc89cc2000 	C:\WINDOWS\SYSTEM32\dbgcore.DLL
0x00007ffca8870000 - 0x00007ffca88ea000 	C:\WINDOWS\System32\bcryptPrimitives.dll
0x00007ffc73b00000 - 0x00007ffc73b25000 	C:\Program Files\Android\Android Studio1\jbr\bin\java.dll
0x00007ffc73130000 - 0x00007ffc73148000 	C:\Program Files\Android\Android Studio1\jbr\bin\zip.dll
0x00007ffca9c60000 - 0x00007ffcaa4b8000 	C:\WINDOWS\System32\SHELL32.dll
0x00007ffca6290000 - 0x00007ffca6b82000 	C:\WINDOWS\SYSTEM32\windows.storage.dll
0x00007ffca6150000 - 0x00007ffca628e000 	C:\WINDOWS\SYSTEM32\wintypes.dll
0x00007ffca8d10000 - 0x00007ffca8e03000 	C:\WINDOWS\System32\SHCORE.dll
0x00007ffca9900000 - 0x00007ffca995e000 	C:\WINDOWS\System32\shlwapi.dll
0x00007ffca8260000 - 0x00007ffca8286000 	C:\WINDOWS\SYSTEM32\profapi.dll
0x00007ffc71810000 - 0x00007ffc71829000 	C:\Program Files\Android\Android Studio1\jbr\bin\net.dll
0x00007ffca1740000 - 0x00007ffca1877000 	C:\WINDOWS\SYSTEM32\WINHTTP.dll
0x00007ffca77f0000 - 0x00007ffca7859000 	C:\WINDOWS\system32\mswsock.dll
0x00007ffc71210000 - 0x00007ffc71226000 	C:\Program Files\Android\Android Studio1\jbr\bin\nio.dll
0x00007ffc9f6e0000 - 0x00007ffc9f6f0000 	C:\Program Files\Android\Android Studio1\jbr\bin\verify.dll
0x00007ffc68ec0000 - 0x00007ffc68ee7000 	C:\Users\mehar\.gradle\native\68d5fa5c4cc2d200863cafc0d521ce42e7d3e7ee720ec0a83991735586a16f82\windows-amd64\native-platform.dll
0x00007ffc10d20000 - 0x00007ffc10e64000 	C:\Users\mehar\.gradle\native\e376f236ea51e6404a007f0833ffe2c6e607c4080706a723a18a27aeea778392\windows-amd64\native-platform-file-events.dll
0x00007ffc8a6d0000 - 0x00007ffc8a6d9000 	C:\Program Files\Android\Android Studio1\jbr\bin\management.dll
0x00007ffc83fd0000 - 0x00007ffc83fdb000 	C:\Program Files\Android\Android Studio1\jbr\bin\management_ext.dll
0x00007ffca9b20000 - 0x00007ffca9b28000 	C:\WINDOWS\System32\PSAPI.DLL
0x00007ffca7a40000 - 0x00007ffca7a5b000 	C:\WINDOWS\SYSTEM32\CRYPTSP.dll
0x00007ffca72d0000 - 0x00007ffca7305000 	C:\WINDOWS\system32\rsaenh.dll
0x00007ffca78e0000 - 0x00007ffca790c000 	C:\WINDOWS\SYSTEM32\USERENV.dll
0x00007ffca7c00000 - 0x00007ffca7c28000 	C:\WINDOWS\SYSTEM32\bcrypt.dll
0x00007ffca7a60000 - 0x00007ffca7a6c000 	C:\WINDOWS\SYSTEM32\CRYPTBASE.dll
0x00007ffca6df0000 - 0x00007ffca6e1d000 	C:\WINDOWS\SYSTEM32\IPHLPAPI.DLL
0x00007ffca9790000 - 0x00007ffca9799000 	C:\WINDOWS\System32\NSI.dll
0x00007ffca15a0000 - 0x00007ffca15b9000 	C:\WINDOWS\SYSTEM32\dhcpcsvc6.DLL
0x00007ffca1580000 - 0x00007ffca159f000 	C:\WINDOWS\SYSTEM32\dhcpcsvc.DLL
0x00007ffca6e60000 - 0x00007ffca6f59000 	C:\WINDOWS\SYSTEM32\DNSAPI.dll
0x00007ffc7f2a0000 - 0x00007ffc7f2a8000 	C:\WINDOWS\system32\wshunix.dll
0x00007ffc84050000 - 0x00007ffc84067000 	C:\WINDOWS\system32\napinsp.dll
0x00007ffc84030000 - 0x00007ffc8404b000 	C:\WINDOWS\system32\pnrpnsp.dll
0x00007ffc84010000 - 0x00007ffc84021000 	C:\WINDOWS\System32\winrnr.dll
0x00007ffca03a0000 - 0x00007ffca03b5000 	C:\WINDOWS\system32\wshbth.dll
0x00007ffc83fe0000 - 0x00007ffc84001000 	C:\WINDOWS\system32\nlansp_c.dll
0x00007ffc8bdd0000 - 0x00007ffc8bdda000 	C:\Windows\System32\rasadhlp.dll
0x00007ffca0310000 - 0x00007ffca0394000 	C:\WINDOWS\System32\fwpuclnt.dll

dbghelp: loaded successfully - version: 4.0.5 - missing functions: none
symbol engine: initialized successfully - sym options: 0x614 - pdb path: .;C:\Program Files\Android\Android Studio1\jbr\bin;C:\WINDOWS\SYSTEM32;C:\WINDOWS\WinSxS\amd64_microsoft.windows.common-controls_6595b64144ccf1df_6.0.22621.2361_none_2712ced57382f843;C:\Program Files\Android\Android Studio1\jbr\bin\server;C:\Users\mehar\.gradle\native\68d5fa5c4cc2d200863cafc0d521ce42e7d3e7ee720ec0a83991735586a16f82\windows-amd64;C:\Users\mehar\.gradle\native\e376f236ea51e6404a007f0833ffe2c6e607c4080706a723a18a27aeea778392\windows-amd64

VM Arguments:
jvm_args: --add-opens=java.base/java.util=ALL-UNNAMED --add-opens=java.base/java.lang=ALL-UNNAMED --add-opens=java.base/java.lang.invoke=ALL-UNNAMED --add-opens=java.prefs/java.util.prefs=ALL-UNNAMED --add-opens=java.base/java.nio.charset=ALL-UNNAMED --add-opens=java.base/java.net=ALL-UNNAMED --add-opens=java.base/java.util.concurrent.atomic=ALL-UNNAMED -Xmx2048m -Dfile.encoding=UTF-8 -Duser.country=IN -Duser.language=en -Duser.variant 
java_command: org.gradle.launcher.daemon.bootstrap.GradleDaemon 8.0
java_class_path (initial): C:\Users\mehar\.gradle\wrapper\dists\gradle-8.0-bin\ca5e32bp14vu59qr306oxotwh\gradle-8.0\lib\gradle-launcher-8.0.jar
Launcher Type: SUN_STANDARD

[Global flags]
     intx CICompilerCount                          = 4                                         {product} {ergonomic}
     uint ConcGCThreads                            = 3                                         {product} {ergonomic}
     uint G1ConcRefinementThreads                  = 10                                        {product} {ergonomic}
   size_t G1HeapRegionSize                         = 1048576                                   {product} {ergonomic}
    uintx GCDrainStackTargetSize                   = 64                                        {product} {ergonomic}
   size_t InitialHeapSize                          = 123731968                                 {product} {ergonomic}
   size_t MarkStackSize                            = 4194304                                   {product} {ergonomic}
   size_t MaxHeapSize                              = 2147483648                                {product} {command line}
   size_t MaxNewSize                               = 1287651328                                {product} {ergonomic}
   size_t MinHeapDeltaBytes                        = 1048576                                   {product} {ergonomic}
   size_t MinHeapSize                              = 8388608                                   {product} {ergonomic}
    uintx NonNMethodCodeHeapSize                   = 5839372                                {pd product} {ergonomic}
    uintx NonProfiledCodeHeapSize                  = 122909434                              {pd product} {ergonomic}
    uintx ProfiledCodeHeapSize                     = 122909434                              {pd product} {ergonomic}
    uintx ReservedCodeCacheSize                    = 251658240                              {pd product} {ergonomic}
     bool SegmentedCodeCache                       = true                                      {product} {ergonomic}
   size_t SoftMaxHeapSize                          = 2147483648                             {manageable} {ergonomic}
     bool UseCompressedClassPointers               = true                           {product lp64_product} {ergonomic}
     bool UseCompressedOops                        = true                           {product lp64_product} {ergonomic}
     bool UseG1GC                                  = true                                      {product} {ergonomic}
     bool UseLargePagesIndividualAllocation        = false                                  {pd product} {ergonomic}

Logging:
Log output configuration:
 #0: stdout all=warning uptime,level,tags
 #1: stderr all=off uptime,level,tags

Environment Variables:
PATH=C:\Program Files\Python311\Scripts\;C:\Program Files\Python311\;C:\Program Files (x86)\Common Files\Oracle\Java\javapath;C:\windows\system32;C:\windows;C:\windows\System32\WindowsPowerShell\v1.0\;C:\windows\System32\OpenSSH\;C:\Program Files (x86)\NVIDIA Corporation\PhysX\Common;C:\Program Files\NVIDIA Corporation\NVIDIA NvDLISR;C:\MinGW\bin;C:\Program Files\Java\jre1.8.0_351\bin;C:\Program Files\Git\cmd;C:\WINDOWS\system32;C:\WINDOWS;C:\WINDOWS\System32\Wbem;C:\WINDOWS\System32\WindowsPowerShell\v1.0\;C:\WINDOWS\System32\OpenSSH\;C:\Program Files\MySQL\MySQL Server 8.0\bin;C:\Users\mehar\AppData\Local\Programs\Python\Python311\Scripts\;C:\Program Files\MySQL\MySQL Shell 8.0\bin\;C:\Users\mehar\AppData\Local\Microsoft\WindowsApps;C:\Users\mehar\AppData\Local\Programs\Microsoft VS Code\bin;C:\Users\mehar\AppData\Local\GitHubDesktop\bin;C:\Users\mehar\tool\gradle-7.6\bin;;C:\Program Files\JetBrains\IntelliJ IDEA Community Edition 2023.2\bin;
USERNAME=mehar
OS=Windows_NT
PROCESSOR_IDENTIFIER=AMD64 Family 25 Model 80 Stepping 0, AuthenticAMD
TMP=C:\Users\mehar\AppData\Local\Temp
TEMP=C:\Users\mehar\AppData\Local\Temp


JNI global refs:
JNI global refs: 26, weak refs: 6

JNI global refs memory usage: 843, weak refs: 841


---------------  S Y S T E M  ---------------

OS:
 Windows 11 , 64 bit Build 22621 (10.0.22621.2428)
OS uptime: 4 days 8:58 hours

CPU: total 12 (initial active 12) (12 cores per cpu, 2 threads per core) family 25 model 80 stepping 0 microcode 0x0, cx8, cmov, fxsr, ht, mmx, 3dnowpref, sse, sse2, sse3, ssse3, sse4a, sse4.1, sse4.2, popcnt, lzcnt, tsc, tscinvbit, avx, avx2, aes, erms, clmul, bmi1, bmi2, adx, sha, fma, vzeroupper, clflush, clflushopt

Memory: 4k page, system-wide physical 7521M (196M free)
TotalPageFile size 31073M (AvailPageFile size 140M)
current process WorkingSet (physical memory assigned to process): 382M, peak: 387M
current process commit charge ("private bytes"): 440M, peak: 577M

vm_info: OpenJDK 64-Bit Server VM (17.0.6+0-b2043.56-10027231) for windows-amd64 JRE (17.0.6+0-b2043.56-10027231), built on Apr 28 2023 00:43:19 by "androidbuild" with MS VC++ 16.10 / 16.11 (VS2019)

END.
